SF:lib/database/database_helper.dart
DA:30,2
DA:34,2
DA:35,2
DA:39,2
DA:44,0
DA:46,0
DA:48,0
DA:53,2
DA:59,1
DA:60,2
DA:66,2
DA:67,4
DA:71,1
DA:72,2
DA:78,0
DA:79,0
DA:85,0
DA:86,0
DA:90,0
DA:91,0
DA:95,0
DA:96,0
DA:100,0
DA:101,0
DA:105,1
DA:106,2
DA:110,0
DA:111,0
DA:115,0
DA:116,0
LF:30
LH:13
end_of_record
SF:lib/database/mobile_database_adapter.dart
DA:27,1
DA:32,1
DA:35,1
DA:36,1
DA:37,2
DA:38,1
DA:39,2
DA:40,1
DA:41,0
DA:43,2
DA:48,0
DA:49,0
DA:52,1
DA:53,1
DA:55,1
DA:58,1
DA:59,1
DA:63,0
DA:65,0
DA:68,0
DA:69,0
DA:90,0
DA:99,0
DA:100,0
DA:102,0
DA:105,0
DA:108,0
DA:111,0
DA:114,0
DA:118,0
DA:119,0
DA:120,0
DA:128,0
DA:129,0
DA:135,1
DA:137,1
DA:138,2
DA:141,0
DA:143,0
DA:144,0
DA:145,0
DA:146,0
DA:150,0
DA:152,0
DA:153,0
DA:155,0
DA:157,0
DA:161,0
DA:163,0
DA:164,0
DA:167,0
DA:169,0
DA:170,0
DA:173,0
DA:175,0
DA:176,0
DA:179,0
DA:181,0
DA:182,0
DA:186,0
DA:188,0
DA:189,0
DA:192,0
DA:194,0
DA:195,0
DA:200,0
DA:202,0
DA:203,0
DA:206,0
DA:210,0
DA:211,0
DA:216,0
DA:218,0
DA:219,0
DA:220,0
DA:221,0
DA:223,0
DA:226,0
DA:229,0
DA:230,0
DA:234,0
DA:236,0
DA:237,0
DA:238,0
DA:239,0
DA:243,1
DA:245,0
LF:87
LH:18
end_of_record
SF:lib/models/medication.dart
DA:55,3
DA:69,3
DA:70,3
DA:73,2
DA:74,2
DA:75,2
DA:76,2
DA:77,2
DA:78,2
DA:79,4
DA:80,6
DA:81,6
DA:82,4
DA:83,4
DA:84,4
DA:85,4
DA:86,2
DA:87,4
DA:88,2
DA:89,2
DA:90,2
DA:91,4
DA:92,4
DA:93,3
DA:98,2
DA:100,2
DA:102,2
DA:103,4
DA:108,2
DA:109,2
DA:110,6
DA:112,2
DA:113,3
DA:114,1
DA:115,1
DA:116,1
DA:117,3
DA:118,1
DA:119,1
DA:120,2
DA:121,0
DA:123,4
DA:125,2
DA:126,3
DA:127,0
DA:128,0
DA:129,0
DA:130,0
DA:131,0
DA:132,2
DA:136,2
DA:137,2
DA:138,2
DA:139,2
DA:140,4
DA:141,6
DA:143,2
DA:144,4
DA:145,0
DA:146,2
DA:147,2
DA:148,0
DA:151,4
DA:152,2
DA:153,2
DA:154,4
DA:155,2
DA:156,2
DA:157,4
DA:158,2
DA:159,2
DA:160,2
DA:169,1
DA:184,1
DA:185,1
DA:186,1
DA:187,1
DA:188,1
DA:189,1
DA:190,1
DA:191,1
DA:192,1
DA:193,1
DA:194,1
DA:195,1
DA:196,1
DA:197,1
DA:198,1
DA:209,1
DA:210,2
DA:211,1
DA:219,2
DA:220,2
DA:222,2
DA:223,3
DA:226,2
DA:227,2
DA:228,2
DA:229,2
DA:231,2
DA:240,2
DA:241,2
DA:242,2
DA:243,4
DA:247,1
DA:248,9
DA:252,2
DA:253,2
DA:254,2
DA:256,2
DA:257,2
DA:259,1
DA:261,1
DA:263,1
DA:269,1
DA:270,1
DA:271,1
DA:272,3
DA:276,2
DA:277,2
DA:279,2
DA:280,6
DA:282,2
DA:286,2
DA:287,2
DA:289,2
DA:290,2
DA:291,2
DA:292,2
DA:293,3
DA:294,2
DA:295,3
DA:296,2
DA:301,1
DA:302,4
DA:306,1
DA:307,1
DA:308,4
DA:309,1
DA:310,2
DA:313,4
DA:314,3
DA:315,2
DA:317,3
DA:318,2
DA:319,1
DA:320,3
DA:323,4
DA:324,2
DA:325,0
DA:334,2
DA:335,2
DA:336,2
DA:337,8
DA:338,2
DA:339,4
DA:340,4
DA:341,4
DA:343,4
LF:159
LH:150
end_of_record
SF:lib/models/frequency_pattern.dart
DA:27,2
DA:36,1
DA:40,1
DA:48,2
DA:53,2
DA:62,1
DA:67,1
DA:76,0
DA:77,0
DA:78,0
DA:79,0
DA:80,0
DA:81,0
DA:82,0
DA:87,0
DA:88,0
DA:89,0
DA:91,0
DA:92,0
DA:93,0
DA:94,0
DA:95,0
DA:96,0
DA:97,0
DA:98,0
DA:99,0
DA:101,0
DA:102,0
DA:103,0
DA:104,0
DA:105,0
DA:106,0
DA:107,0
DA:108,0
DA:113,0
DA:114,0
DA:115,0
DA:116,0
DA:117,0
DA:118,0
DA:119,0
DA:120,0
DA:121,0
DA:122,0
DA:124,0
DA:126,0
DA:127,0
DA:131,0
DA:133,0
DA:137,1
DA:138,1
DA:139,1
DA:141,1
DA:142,3
DA:143,1
DA:144,3
DA:147,1
DA:148,1
DA:149,1
DA:150,1
DA:152,4
DA:154,1
DA:155,1
DA:156,3
DA:157,0
LF:65
LH:22
end_of_record
SF:lib/models/medication_log.dart
DA:13,1
DA:16,0
DA:17,0
DA:18,0
DA:19,0
DA:20,0
DA:25,0
DA:26,0
DA:27,0
DA:28,0
DA:29,0
LF:11
LH:1
end_of_record
SF:lib/database/web_database_adapter.dart
DA:26,0
DA:28,0
DA:31,0
DA:33,0
DA:35,0
DA:38,0
DA:39,0
DA:42,0
DA:43,0
DA:44,0
DA:45,0
DA:49,0
DA:51,0
DA:52,0
DA:55,0
DA:57,0
DA:58,0
DA:59,0
DA:60,0
DA:61,0
DA:67,0
DA:69,0
DA:70,0
DA:71,0
DA:72,0
DA:73,0
DA:76,0
DA:77,0
DA:78,0
DA:81,0
DA:82,0
DA:83,0
DA:84,0
DA:85,0
DA:87,0
DA:90,0
DA:92,0
DA:94,0
DA:96,0
DA:99,0
DA:100,0
DA:101,0
DA:102,0
DA:106,0
DA:108,0
DA:110,0
DA:111,0
DA:112,0
DA:115,0
DA:117,0
DA:118,0
DA:119,0
DA:120,0
DA:125,0
DA:127,0
DA:129,0
DA:130,0
DA:132,0
DA:133,0
DA:138,0
DA:140,0
DA:141,0
DA:142,0
DA:143,0
DA:146,0
DA:147,0
DA:148,0
DA:150,0
DA:151,0
DA:154,0
DA:156,0
DA:157,0
DA:160,0
DA:161,0
DA:162,0
DA:165,0
DA:166,0
DA:167,0
DA:168,0
DA:169,0
DA:171,0
DA:174,0
LF:82
LH:0
end_of_record
SF:lib/l10n/app_localizations.dart
DA:25,2
DA:26,2
LF:2
LH:2
end_of_record
SF:lib/l10n/app_localizations_delegate.dart
DA:24,1
DA:26,2
DA:28,6
DA:31,2
DA:33,2
DA:34,2
DA:35,0
DA:36,2
DA:37,0
DA:38,2
DA:39,0
DA:40,2
DA:41,0
DA:43,4
DA:47,0
LF:15
LH:10
end_of_record
SF:lib/l10n/en/app_localizations_en.dart
DA:13,0
DA:16,1
DA:19,1
DA:22,1
DA:25,0
DA:28,1
DA:31,1
DA:34,1
DA:37,1
DA:40,0
DA:43,0
DA:46,0
DA:49,0
DA:52,0
DA:55,1
DA:58,1
DA:61,1
DA:64,1
DA:67,1
DA:70,1
DA:73,1
DA:76,1
DA:79,1
DA:82,0
DA:86,0
DA:89,1
DA:92,0
DA:94,0
DA:96,0
DA:98,0
DA:100,0
DA:104,1
DA:108,1
DA:111,1
DA:112,1
DA:114,0
DA:116,0
DA:118,1
DA:121,1
DA:124,1
DA:128,1
DA:131,1
DA:134,1
DA:137,1
DA:140,1
DA:143,0
DA:147,0
DA:150,0
DA:153,0
DA:155,0
DA:157,1
DA:160,0
DA:163,0
DA:166,1
DA:169,0
DA:173,1
DA:176,0
DA:179,1
DA:182,1
DA:185,1
DA:188,1
DA:191,1
DA:194,1
DA:197,1
DA:200,1
DA:203,1
DA:206,0
DA:209,0
DA:210,0
DA:212,0
DA:215,1
DA:218,1
DA:221,1
DA:224,0
DA:227,1
DA:230,1
DA:233,0
DA:236,0
DA:239,0
DA:242,1
DA:245,0
DA:248,0
DA:251,0
DA:255,0
DA:258,0
DA:261,0
DA:262,0
DA:264,0
DA:268,0
DA:269,0
DA:271,1
DA:274,0
DA:275,0
DA:277,0
DA:280,0
DA:283,0
DA:286,0
DA:289,0
DA:292,0
DA:295,0
DA:296,0
DA:298,0
DA:301,0
DA:304,0
DA:305,0
DA:307,1
DA:310,1
DA:313,1
DA:316,1
DA:319,0
DA:320,0
DA:322,1
DA:325,0
DA:326,0
DA:328,1
DA:331,1
DA:335,1
DA:339,1
DA:342,1
DA:346,1
DA:349,1
DA:353,1
DA:357,0
DA:361,0
DA:366,1
DA:368,1
DA:370,1
DA:373,1
DA:376,0
DA:381,1
DA:383,2
DA:385,0
DA:388,0
DA:390,0
DA:393,0
DA:396,0
DA:399,0
DA:402,0
DA:405,0
DA:408,0
DA:412,0
DA:415,0
DA:418,0
DA:421,0
DA:424,0
DA:427,0
DA:430,0
DA:433,0
DA:436,0
DA:438,0
DA:440,0
DA:441,0
DA:443,0
DA:445,0
DA:447,0
DA:449,0
DA:451,0
DA:454,1
DA:457,1
DA:460,0
DA:463,0
DA:466,1
DA:469,1
DA:473,0
DA:476,1
DA:479,0
DA:480,0
LF:167
LH:72
end_of_record
SF:lib/l10n/fi/app_localizations_fi.dart
DA:13,0
DA:16,0
DA:19,0
DA:22,0
DA:25,0
DA:28,0
DA:31,0
DA:34,0
DA:37,0
DA:40,0
DA:43,0
DA:46,0
DA:49,0
DA:52,0
DA:55,0
DA:58,0
DA:61,0
DA:64,0
DA:67,0
DA:70,0
DA:73,0
DA:76,0
DA:79,0
DA:82,0
DA:86,0
DA:89,0
DA:92,0
DA:94,0
DA:96,0
DA:98,0
DA:100,0
DA:104,0
DA:108,0
DA:111,0
DA:112,0
DA:114,0
DA:116,0
DA:118,0
DA:121,0
DA:124,0
DA:128,0
DA:131,0
DA:134,0
DA:137,0
DA:140,0
DA:143,0
DA:146,0
DA:149,0
DA:152,0
DA:154,0
DA:156,0
DA:159,0
DA:162,0
DA:165,0
DA:168,0
DA:171,0
DA:175,0
DA:178,0
DA:181,0
DA:184,0
DA:187,0
DA:190,0
DA:193,0
DA:196,0
DA:199,0
DA:202,0
DA:205,0
DA:208,0
DA:210,0
DA:212,0
DA:215,0
DA:218,0
DA:221,0
DA:224,0
DA:227,0
DA:231,0
DA:234,0
DA:237,0
DA:240,0
DA:243,0
DA:246,0
DA:249,0
DA:252,0
DA:256,0
DA:259,0
DA:262,0
DA:264,0
DA:266,0
DA:270,0
DA:272,0
DA:274,0
DA:277,0
DA:278,0
DA:280,0
DA:283,0
DA:287,0
DA:290,0
DA:293,0
DA:296,0
DA:299,0
DA:300,0
DA:302,0
DA:306,0
DA:309,0
DA:310,0
DA:312,0
DA:315,0
DA:318,0
DA:321,0
DA:324,0
DA:326,0
DA:328,0
DA:331,0
DA:333,0
DA:335,0
DA:338,0
DA:342,0
DA:346,0
DA:349,0
DA:353,0
DA:356,0
DA:360,0
DA:364,0
DA:368,0
DA:373,0
DA:374,0
DA:376,0
DA:379,0
DA:382,0
DA:386,0
DA:388,0
DA:390,0
DA:393,0
DA:395,0
DA:398,0
DA:401,0
DA:404,0
DA:407,0
DA:410,0
DA:413,0
DA:417,0
DA:420,0
DA:423,0
DA:426,0
DA:429,0
DA:432,0
DA:435,0
DA:438,0
DA:441,0
DA:443,0
DA:445,0
DA:448,0
DA:450,0
DA:452,0
DA:454,0
DA:456,0
DA:459,0
DA:462,0
DA:465,0
DA:468,0
DA:471,0
DA:474,0
DA:478,0
DA:481,0
DA:484,0
DA:485,0
LF:166
LH:0
end_of_record
SF:lib/l10n/es/app_localizations_es.dart
DA:13,0
DA:16,0
DA:19,0
DA:22,0
DA:25,0
DA:28,0
DA:31,0
DA:34,0
DA:37,0
DA:40,0
DA:43,0
DA:47,0
DA:50,0
DA:53,0
DA:56,0
DA:59,0
DA:62,0
DA:65,0
DA:68,0
DA:71,0
DA:74,0
DA:77,0
DA:80,0
DA:83,0
DA:87,0
DA:90,0
DA:93,0
DA:95,0
DA:97,0
DA:99,0
DA:101,0
DA:105,0
DA:109,0
DA:112,0
DA:113,0
DA:115,0
DA:117,0
DA:119,0
DA:122,0
DA:125,0
DA:129,0
DA:132,0
DA:135,0
DA:138,0
DA:141,0
DA:144,0
DA:148,0
DA:152,0
DA:155,0
DA:157,0
DA:159,0
DA:162,0
DA:165,0
DA:169,0
DA:172,0
DA:176,0
DA:179,0
DA:182,0
DA:185,0
DA:188,0
DA:191,0
DA:194,0
DA:197,0
DA:200,0
DA:203,0
DA:206,0
DA:209,0
DA:212,0
DA:214,0
DA:216,0
DA:219,0
DA:222,0
DA:225,0
DA:228,0
DA:232,0
DA:236,0
DA:239,0
DA:242,0
DA:245,0
DA:248,0
DA:251,0
DA:254,0
DA:257,0
DA:261,0
DA:264,0
DA:267,0
DA:269,0
DA:271,0
DA:275,0
DA:277,0
DA:279,0
DA:282,0
DA:283,0
DA:285,0
DA:289,0
DA:293,0
DA:296,0
DA:299,0
DA:302,0
DA:305,0
DA:306,0
DA:308,0
DA:312,0
DA:315,0
DA:316,0
DA:318,0
DA:321,0
DA:324,0
DA:327,0
DA:330,0
DA:331,0
DA:333,0
DA:336,0
DA:337,0
DA:339,0
DA:342,0
DA:346,0
DA:350,0
DA:353,0
DA:357,0
DA:360,0
DA:364,0
DA:368,0
DA:372,0
DA:377,0
DA:379,0
DA:381,0
DA:384,0
DA:387,0
DA:392,0
DA:394,0
DA:396,0
DA:399,0
DA:401,0
DA:404,0
DA:407,0
DA:410,0
DA:413,0
DA:416,0
DA:419,0
DA:423,0
DA:426,0
DA:429,0
DA:432,0
DA:435,0
DA:438,0
DA:441,0
DA:444,0
DA:447,0
DA:449,0
DA:451,0
DA:452,0
DA:454,0
DA:456,0
DA:458,0
DA:460,0
DA:462,0
DA:465,0
DA:468,0
DA:471,0
DA:474,0
DA:477,0
DA:480,0
DA:484,0
DA:487,0
DA:490,0
DA:491,0
LF:167
LH:0
end_of_record
SF:lib/l10n/de/app_localizations_de.dart
DA:13,0
DA:16,0
DA:19,0
DA:22,0
DA:25,0
DA:28,0
DA:31,0
DA:34,0
DA:37,0
DA:40,0
DA:43,0
DA:47,0
DA:50,0
DA:53,0
DA:56,0
DA:59,0
DA:62,0
DA:65,0
DA:68,0
DA:71,0
DA:74,0
DA:77,0
DA:80,0
DA:83,0
DA:87,0
DA:90,0
DA:93,0
DA:95,0
DA:97,0
DA:99,0
DA:101,0
DA:105,0
DA:109,0
DA:112,0
DA:113,0
DA:115,0
DA:117,0
DA:119,0
DA:122,0
DA:125,0
DA:129,0
DA:132,0
DA:135,0
DA:138,0
DA:141,0
DA:144,0
DA:148,0
DA:152,0
DA:156,0
DA:158,0
DA:160,0
DA:163,0
DA:166,0
DA:170,0
DA:173,0
DA:177,0
DA:180,0
DA:183,0
DA:186,0
DA:189,0
DA:192,0
DA:195,0
DA:198,0
DA:201,0
DA:204,0
DA:207,0
DA:210,0
DA:213,0
DA:215,0
DA:217,0
DA:220,0
DA:223,0
DA:226,0
DA:229,0
DA:233,0
DA:237,0
DA:240,0
DA:243,0
DA:246,0
DA:249,0
DA:252,0
DA:255,0
DA:258,0
DA:262,0
DA:265,0
DA:268,0
DA:270,0
DA:272,0
DA:276,0
DA:278,0
DA:280,0
DA:283,0
DA:284,0
DA:286,0
DA:290,0
DA:294,0
DA:297,0
DA:300,0
DA:303,0
DA:306,0
DA:307,0
DA:309,0
DA:313,0
DA:316,0
DA:318,0
DA:320,0
DA:323,0
DA:326,0
DA:329,0
DA:332,0
DA:334,0
DA:336,0
DA:339,0
DA:341,0
DA:343,0
DA:346,0
DA:350,0
DA:354,0
DA:357,0
DA:361,0
DA:364,0
DA:368,0
DA:372,0
DA:376,0
DA:381,0
DA:383,0
DA:385,0
DA:388,0
DA:391,0
DA:396,0
DA:398,0
DA:400,0
DA:403,0
DA:405,0
DA:408,0
DA:411,0
DA:414,0
DA:417,0
DA:420,0
DA:423,0
DA:427,0
DA:430,0
DA:433,0
DA:436,0
DA:439,0
DA:442,0
DA:445,0
DA:448,0
DA:451,0
DA:453,0
DA:455,0
DA:456,0
DA:458,0
DA:460,0
DA:462,0
DA:464,0
DA:466,0
DA:469,0
DA:472,0
DA:475,0
DA:478,0
DA:481,0
DA:484,0
DA:487,0
DA:490,0
DA:493,0
DA:494,0
LF:167
LH:0
end_of_record
SF:lib/l10n/sv/app_localizations_sv.dart
DA:13,0
DA:16,0
DA:19,0
DA:22,0
DA:25,0
DA:28,0
DA:31,0
DA:34,0
DA:37,0
DA:40,0
DA:43,0
DA:46,0
DA:49,0
DA:52,0
DA:55,0
DA:58,0
DA:61,0
DA:64,0
DA:67,0
DA:70,0
DA:73,0
DA:76,0
DA:79,0
DA:82,0
DA:86,0
DA:89,0
DA:92,0
DA:94,0
DA:96,0
DA:98,0
DA:100,0
DA:104,0
DA:108,0
DA:111,0
DA:112,0
DA:114,0
DA:116,0
DA:118,0
DA:121,0
DA:124,0
DA:128,0
DA:131,0
DA:134,0
DA:137,0
DA:140,0
DA:143,0
DA:147,0
DA:150,0
DA:153,0
DA:155,0
DA:157,0
DA:160,0
DA:163,0
DA:166,0
DA:169,0
DA:173,0
DA:176,0
DA:179,0
DA:182,0
DA:185,0
DA:188,0
DA:191,0
DA:194,0
DA:197,0
DA:200,0
DA:203,0
DA:206,0
DA:209,0
DA:211,0
DA:213,0
DA:216,0
DA:219,0
DA:222,0
DA:225,0
DA:228,0
DA:231,0
DA:234,0
DA:237,0
DA:240,0
DA:243,0
DA:246,0
DA:249,0
DA:252,0
DA:256,0
DA:259,0
DA:262,0
DA:264,0
DA:266,0
DA:270,0
DA:272,0
DA:274,0
DA:277,0
DA:278,0
DA:280,0
DA:283,0
DA:287,0
DA:290,0
DA:293,0
DA:296,0
DA:299,0
DA:301,0
DA:303,0
DA:306,0
DA:309,0
DA:310,0
DA:312,0
DA:315,0
DA:318,0
DA:321,0
DA:324,0
DA:326,0
DA:328,0
DA:331,0
DA:333,0
DA:335,0
DA:338,0
DA:342,0
DA:346,0
DA:349,0
DA:353,0
DA:356,0
DA:360,0
DA:364,0
DA:368,0
DA:373,0
DA:375,0
DA:377,0
DA:380,0
DA:383,0
DA:388,0
DA:390,0
DA:392,0
DA:395,0
DA:397,0
DA:400,0
DA:403,0
DA:406,0
DA:409,0
DA:412,0
DA:415,0
DA:419,0
DA:422,0
DA:425,0
DA:428,0
DA:431,0
DA:434,0
DA:437,0
DA:440,0
DA:443,0
DA:445,0
DA:447,0
DA:448,0
DA:450,0
DA:452,0
DA:454,0
DA:456,0
DA:458,0
DA:461,0
DA:464,0
DA:467,0
DA:470,0
DA:473,0
DA:476,0
DA:479,0
DA:482,0
DA:485,0
DA:486,0
LF:167
LH:0
end_of_record
SF:lib/models/app_config.dart
DA:43,2
DA:54,0
DA:55,0
DA:58,0
DA:64,0
DA:73,0
DA:74,0
DA:75,0
DA:76,0
DA:77,0
DA:78,0
DA:79,0
DA:80,0
DA:95,0
DA:97,0
DA:99,0
DA:101,0
DA:107,1
DA:109,1
DA:110,1
DA:111,0
DA:112,0
DA:113,0
DA:114,0
LF:24
LH:4
end_of_record
SF:lib/models/app_config.g.dart
DA:9,0
DA:10,0
DA:11,0
DA:12,0
DA:13,0
DA:15,0
DA:17,0
DA:19,0
DA:20,0
DA:23,0
DA:24,0
DA:25,0
DA:26,0
DA:27,0
DA:28,0
DA:29,0
DA:30,0
LF:17
LH:0
end_of_record
SF:lib/screens/settings_screen.dart
DA:25,1
DA:32,0
DA:33,0
DA:34,0
DA:35,0
DA:36,0
DA:38,1
DA:39,1
DA:55,1
DA:57,1
DA:58,1
DA:59,5
DA:62,2
DA:63,1
DA:66,3
DA:69,1
DA:71,2
DA:72,2
DA:73,1
DA:76,1
DA:77,3
DA:78,3
DA:79,3
DA:82,0
DA:83,0
DA:85,0
DA:87,0
DA:90,0
DA:91,0
DA:92,0
DA:95,0
DA:96,0
DA:97,0
DA:98,0
DA:102,0
DA:105,0
DA:106,0
DA:107,0
DA:108,0
DA:114,0
DA:118,0
DA:119,0
DA:120,0
DA:121,0
DA:122,0
DA:123,0
DA:124,0
DA:125,0
DA:126,0
DA:127,0
DA:128,0
DA:130,0
DA:131,0
DA:132,0
DA:138,0
DA:139,0
DA:141,0
DA:142,0
DA:143,0
DA:144,0
DA:145,0
DA:149,0
DA:152,0
DA:153,0
DA:154,0
DA:155,0
DA:161,0
DA:166,1
DA:167,3
DA:168,2
DA:170,3
DA:171,1
DA:172,3
DA:173,1
DA:174,2
DA:180,0
DA:181,0
DA:182,0
DA:183,0
DA:189,3
DA:193,1
DA:194,3
DA:195,2
DA:197,3
DA:198,1
DA:199,3
DA:200,1
DA:201,2
DA:207,0
DA:208,0
DA:209,0
DA:210,0
DA:216,3
DA:220,0
DA:221,0
DA:223,0
DA:225,0
DA:229,0
DA:230,0
DA:232,0
DA:234,0
DA:238,0
DA:239,0
DA:240,0
DA:242,0
DA:243,0
DA:244,0
DA:245,0
DA:246,0
DA:252,0
DA:253,0
DA:254,0
DA:255,0
DA:261,0
DA:265,0
DA:266,0
DA:267,0
DA:269,0
DA:270,0
DA:272,0
DA:273,0
DA:274,0
DA:279,0
DA:280,0
DA:281,0
DA:288,0
DA:289,0
DA:290,0
DA:291,0
DA:297,0
DA:301,1
DA:303,3
DA:304,1
DA:306,1
DA:307,1
DA:308,2
DA:309,3
DA:311,1
DA:313,1
DA:314,1
DA:315,1
DA:317,1
DA:318,1
DA:319,1
DA:321,1
DA:323,1
DA:324,1
DA:325,1
DA:326,1
DA:328,1
DA:333,1
DA:334,1
DA:335,3
DA:340,1
DA:341,2
DA:342,4
DA:343,1
DA:347,1
DA:348,0
DA:351,2
DA:352,1
DA:353,1
DA:354,1
DA:355,1
DA:356,1
DA:359,0
DA:360,0
DA:361,0
DA:367,1
DA:368,1
DA:369,1
DA:370,1
DA:371,1
DA:374,0
DA:375,0
DA:376,0
DA:378,0
DA:379,0
DA:380,0
DA:386,1
DA:388,1
DA:389,2
DA:390,1
DA:399,1
DA:400,1
DA:401,0
DA:402,1
DA:406,0
DA:407,0
DA:409,0
DA:410,0
DA:412,0
DA:413,0
DA:425,1
DA:426,1
DA:428,1
DA:430,1
DA:431,1
DA:433,1
DA:434,1
DA:435,1
DA:436,1
DA:437,1
DA:439,1
DA:444,1
DA:445,1
DA:446,1
DA:447,1
DA:449,2
DA:455,1
DA:456,1
DA:457,0
DA:459,0
DA:461,0
DA:467,1
DA:469,0
DA:471,0
DA:472,0
DA:473,0
DA:474,0
DA:476,0
DA:477,0
DA:478,0
DA:479,0
DA:481,0
DA:485,0
DA:487,0
DA:488,0
DA:489,0
DA:491,0
DA:493,0
DA:495,0
DA:496,0
DA:498,0
DA:500,0
DA:505,0
DA:507,0
DA:508,0
DA:510,0
DA:512,0
DA:521,1
DA:522,1
DA:524,1
DA:526,1
DA:527,1
DA:528,1
DA:529,3
DA:532,1
DA:534,1
DA:535,1
DA:536,2
DA:538,2
DA:540,1
DA:541,2
DA:543,2
DA:552,1
DA:553,1
DA:555,1
DA:557,1
DA:558,1
DA:559,1
DA:560,3
DA:563,1
DA:564,1
DA:565,1
DA:566,1
DA:569,1
DA:570,1
DA:572,2
DA:574,2
DA:575,1
DA:576,1
DA:577,1
DA:578,1
DA:579,1
DA:580,1
DA:581,1
DA:582,1
DA:583,1
DA:584,2
DA:589,0
DA:590,0
DA:591,0
DA:593,0
DA:601,1
DA:602,1
DA:604,1
DA:606,1
DA:607,1
DA:608,1
DA:609,3
DA:612,2
DA:614,1
DA:615,1
DA:621,1
DA:622,1
DA:623,3
DA:626,1
DA:627,1
DA:631,1
DA:633,1
DA:634,1
DA:635,1
DA:636,2
DA:638,1
DA:640,1
DA:641,1
DA:642,1
DA:649,1
DA:650,1
DA:667,0
DA:668,0
DA:670,0
DA:671,0
DA:672,0
DA:675,0
DA:679,0
DA:680,0
DA:683,0
DA:687,0
DA:688,0
DA:691,0
DA:692,0
DA:700,0
DA:701,0
DA:702,0
DA:703,0
LF:327
LH:167
end_of_record
SF:lib/services/export_service.dart
DA:28,0
DA:30,0
DA:31,0
DA:34,0
DA:36,0
DA:41,0
LF:6
LH:0
end_of_record
SF:lib/services/import_service.dart
DA:32,0
DA:35,0
DA:37,0
DA:40,0
DA:41,0
DA:42,0
DA:44,0
DA:45,0
DA:47,0
DA:48,0
DA:53,0
LF:11
LH:0
end_of_record
SF:lib/services/google_drive_service.dart
DA:40,0
DA:41,0
DA:43,0
DA:45,0
DA:46,0
DA:47,0
DA:74,0
DA:75,0
DA:80,0
DA:81,0
DA:82,0
DA:88,0
DA:91,0
DA:92,0
DA:97,0
DA:102,0
DA:103,0
DA:110,0
DA:112,0
DA:115,0
DA:125,0
DA:127,0
DA:130,0
DA:138,0
DA:139,0
DA:142,0
DA:143,0
DA:146,0
DA:147,0
DA:148,0
DA:150,0
DA:163,0
DA:164,0
DA:165,0
DA:167,0
DA:172,0
DA:173,0
DA:175,0
DA:177,0
DA:178,0
DA:181,0
DA:182,0
DA:190,0
DA:191,0
DA:194,0
DA:200,0
DA:201,0
DA:216,0
DA:217,0
DA:218,0
DA:221,0
DA:223,0
DA:227,0
DA:228,0
DA:229,0
LF:55
LH:0
end_of_record
SF:lib/services/backup_service.dart
DA:45,0
DA:46,0
DA:48,0
DA:51,0
DA:52,0
DA:53,0
DA:56,0
DA:68,0
DA:69,0
DA:71,0
DA:74,0
DA:75,0
DA:79,0
DA:81,0
DA:96,0
DA:97,0
DA:100,0
DA:103,0
DA:106,0
DA:109,0
DA:110,0
DA:111,0
DA:112,0
DA:115,0
DA:116,0
DA:117,0
DA:118,0
LF:27
LH:0
end_of_record
SF:lib/services/config_service.dart
DA:33,1
DA:36,2
DA:39,1
DA:42,0
DA:48,0
DA:53,0
DA:54,0
DA:55,0
DA:58,0
DA:59,0
DA:62,0
DA:63,0
DA:66,0
DA:74,0
DA:75,0
DA:76,0
DA:79,0
DA:80,0
DA:81,0
DA:89,0
DA:93,0
DA:99,0
DA:103,0
DA:104,0
DA:108,0
DA:114,0
DA:115,0
DA:116,0
DA:120,0
DA:123,0
DA:124,0
DA:125,0
LF:32
LH:3
end_of_record
SF:lib/services/sync_service.dart
DA:10,1
DA:11,2
DA:14,1
DA:17,0
DA:26,0
DA:27,0
DA:29,0
DA:30,0
DA:34,0
DA:35,0
DA:39,0
DA:42,0
DA:46,0
DA:49,0
DA:51,0
DA:52,0
DA:55,0
DA:56,0
DA:59,0
DA:61,0
DA:63,0
DA:68,0
DA:71,0
DA:73,0
DA:76,0
DA:77,0
DA:78,0
DA:83,0
DA:87,0
DA:90,0
DA:91,0
DA:95,0
DA:98,0
DA:105,0
DA:106,0
DA:107,0
DA:108,0
DA:109,0
DA:110,0
DA:111,0
DA:114,0
DA:124,0
DA:131,0
DA:136,0
DA:139,0
DA:140,0
DA:145,0
DA:148,0
DA:150,0
DA:152,0
DA:156,0
DA:161,0
DA:162,0
DA:167,0
DA:169,0
DA:174,0
DA:175,0
DA:177,0
DA:178,0
DA:181,0
DA:182,0
DA:187,0
DA:188,0
DA:192,0
DA:193,0
DA:198,0
DA:199,0
DA:200,0
DA:205,0
DA:210,0
DA:211,0
DA:212,0
DA:213,0
LF:73
LH:3
end_of_record
SF:lib/screens/medication_form_screen.dart
DA:26,1
DA:28,1
DA:29,1
DA:48,1
DA:50,1
DA:51,2
DA:52,2
DA:54,2
DA:55,2
DA:57,2
DA:58,2
DA:60,3
DA:61,4
DA:62,3
DA:63,3
DA:64,3
DA:67,1
DA:69,2
DA:70,2
DA:71,2
DA:72,1
DA:75,0
DA:76,0
DA:78,0
DA:81,0
DA:82,0
DA:83,0
DA:84,0
DA:85,0
DA:86,0
DA:87,0
DA:93,0
DA:94,0
DA:95,0
DA:96,0
DA:98,0
DA:99,0
DA:101,0
DA:105,0
DA:112,0
DA:113,0
DA:118,1
DA:119,3
DA:120,2
DA:122,1
DA:123,0
DA:124,0
DA:125,0
DA:126,0
DA:132,0
DA:133,0
DA:134,0
DA:135,0
DA:136,0
DA:145,1
DA:146,2
DA:147,2
DA:148,2
DA:149,3
DA:150,1
DA:151,1
DA:152,0
DA:154,1
DA:155,1
DA:158,2
DA:159,2
DA:160,1
DA:162,0
DA:167,2
DA:168,1
DA:170,2
DA:171,1
DA:172,1
DA:175,3
DA:178,1
DA:181,0
DA:182,0
DA:183,0
DA:184,0
DA:185,0
DA:188,0
DA:189,0
DA:190,0
DA:197,1
DA:198,2
DA:202,0
DA:203,0
DA:204,0
DA:205,0
DA:206,0
DA:216,1
DA:218,1
DA:220,1
DA:222,1
DA:224,0
DA:226,1
DA:227,1
DA:228,1
DA:229,2
DA:230,1
DA:231,0
DA:233,3
DA:235,1
DA:237,1
DA:238,1
DA:239,1
DA:240,1
DA:241,1
DA:242,1
DA:243,1
DA:244,1
DA:246,1
DA:247,1
DA:248,0
DA:253,1
DA:254,1
DA:255,2
DA:256,1
DA:257,1
DA:258,0
DA:263,1
DA:264,1
DA:265,1
DA:266,1
DA:269,1
DA:270,1
DA:271,0
DA:273,1
DA:274,0
DA:282,1
DA:283,2
DA:284,1
DA:285,1
DA:286,0
DA:287,1
DA:289,1
DA:290,0
DA:291,0
DA:292,0
DA:299,1
DA:300,1
DA:301,1
DA:302,2
DA:305,1
DA:306,1
DA:308,1
DA:309,1
DA:311,1
DA:312,1
DA:314,1
DA:315,1
DA:318,1
DA:320,1
DA:322,1
DA:323,0
DA:324,0
DA:325,0
DA:328,1
DA:329,1
DA:333,0
DA:334,0
DA:336,0
DA:338,0
DA:339,0
DA:340,0
DA:341,0
DA:344,0
DA:345,0
DA:346,0
DA:349,0
DA:350,0
DA:351,0
DA:353,0
DA:357,0
DA:358,0
DA:359,0
DA:360,0
DA:361,0
DA:362,0
DA:370,1
DA:371,1
DA:372,1
DA:373,1
DA:374,1
DA:375,0
DA:377,1
DA:379,1
DA:381,1
DA:382,0
DA:384,0
DA:385,0
DA:386,0
DA:387,0
DA:393,0
DA:395,1
DA:396,1
DA:397,5
DA:400,0
DA:402,1
DA:403,1
DA:404,1
DA:405,1
DA:406,1
DA:407,2
DA:409,2
DA:412,3
DA:414,1
DA:415,1
DA:416,0
DA:418,2
DA:419,1
LF:211
LH:125
end_of_record
SF:lib/screens/medication_list_screen.dart
DA:22,1
DA:24,1
DA:25,1
DA:41,1
DA:46,1
DA:47,1
DA:48,1
DA:49,0
DA:50,1
DA:51,0
DA:52,1
DA:53,1
DA:57,1
DA:59,1
DA:60,1
DA:61,1
DA:65,1
DA:67,1
DA:68,1
DA:69,2
DA:73,2
DA:74,1
DA:79,1
DA:81,2
DA:82,1
DA:85,1
DA:86,2
DA:87,3
DA:91,1
DA:92,2
DA:93,2
DA:94,1
DA:95,2
DA:97,0
DA:102,0
DA:103,0
DA:104,0
DA:105,0
DA:109,0
DA:110,0
DA:111,0
DA:112,0
DA:113,0
DA:114,0
DA:115,0
DA:122,0
DA:123,0
DA:124,0
DA:125,0
DA:128,0
DA:130,0
DA:131,0
DA:132,0
DA:133,0
DA:134,0
DA:141,0
DA:142,0
DA:143,0
DA:145,0
DA:146,0
DA:147,0
DA:148,0
DA:149,0
DA:154,0
DA:155,0
DA:156,0
DA:157,0
DA:158,0
DA:160,0
DA:161,0
DA:165,0
DA:166,0
DA:167,0
DA:169,0
DA:171,0
DA:172,0
DA:173,0
DA:178,0
DA:179,0
DA:180,0
DA:181,0
DA:182,0
DA:184,0
DA:186,0
DA:187,0
DA:188,0
DA:190,0
DA:191,0
DA:192,0
DA:197,0
DA:198,0
DA:199,0
DA:200,0
DA:207,0
DA:208,0
DA:209,0
DA:210,0
DA:212,0
DA:213,0
DA:214,0
DA:215,0
DA:216,0
DA:217,0
DA:218,0
DA:226,0
DA:227,0
DA:229,0
DA:230,0
DA:231,0
DA:234,0
DA:236,0
DA:237,0
DA:238,0
DA:239,0
DA:240,0
DA:246,0
DA:247,0
DA:248,0
DA:249,0
DA:251,0
DA:254,0
DA:255,0
DA:256,0
DA:257,0
DA:260,0
DA:264,0
DA:265,0
DA:266,0
DA:267,0
DA:268,0
DA:269,0
DA:270,0
DA:274,0
DA:275,0
DA:279,0
DA:280,0
DA:281,0
DA:282,0
DA:284,0
DA:287,0
DA:290,0
DA:291,0
DA:294,0
DA:295,0
DA:296,0
DA:297,0
DA:303,1
DA:305,1
DA:307,1
DA:308,1
DA:309,1
DA:310,1
DA:311,1
DA:312,2
DA:314,1
DA:315,0
DA:316,0
DA:318,3
DA:319,1
DA:321,2
DA:325,1
DA:329,1
DA:330,1
DA:331,1
DA:332,2
DA:333,3
DA:334,1
DA:336,1
DA:337,1
DA:338,1
DA:339,1
DA:341,1
DA:342,1
DA:343,2
DA:344,2
DA:345,2
DA:350,1
DA:351,1
DA:352,1
DA:353,1
DA:355,1
DA:356,1
DA:357,2
DA:358,2
DA:359,2
DA:364,1
DA:366,0
DA:367,0
DA:369,0
DA:374,1
DA:375,1
DA:377,2
DA:380,1
DA:382,0
DA:383,0
DA:385,0
DA:386,0
DA:387,0
DA:395,1
DA:399,1
DA:400,1
DA:401,1
DA:402,1
DA:403,1
DA:404,1
DA:405,1
DA:406,2
DA:407,1
DA:408,0
DA:409,0
DA:412,2
DA:419,1
DA:420,1
DA:421,1
DA:423,1
DA:424,1
DA:427,1
DA:430,1
DA:431,1
DA:432,2
DA:435,1
DA:436,1
DA:437,2
DA:444,1
DA:449,1
DA:451,1
DA:453,4
DA:454,1
DA:457,1
DA:458,2
DA:459,1
DA:460,1
DA:461,1
DA:465,4
DA:466,1
DA:468,1
DA:469,1
DA:470,1
DA:471,1
DA:472,1
DA:473,1
DA:474,1
DA:475,1
DA:476,1
DA:477,1
DA:478,2
DA:487,1
DA:488,1
DA:490,1
DA:491,1
DA:495,1
DA:496,1
DA:497,0
DA:498,0
DA:500,1
DA:501,1
DA:509,1
DA:510,1
DA:511,2
DA:512,1
DA:513,1
DA:516,1
DA:518,3
DA:519,1
DA:520,1
DA:523,1
DA:526,1
DA:527,1
DA:533,1
DA:534,1
DA:536,1
DA:537,1
DA:543,1
DA:548,1
DA:549,1
DA:552,1
DA:553,1
DA:554,3
DA:557,1
DA:558,1
DA:561,1
DA:563,1
DA:564,2
DA:565,7
DA:566,5
DA:568,1
DA:569,1
DA:573,1
DA:577,1
DA:578,0
DA:579,0
DA:581,0
DA:582,0
DA:583,0
DA:586,0
DA:587,0
DA:594,1
DA:600,1
DA:602,1
DA:603,1
DA:604,1
DA:607,1
DA:610,1
DA:611,4
DA:612,1
DA:614,1
DA:616,1
DA:626,1
DA:630,1
DA:632,1
DA:633,2
DA:634,1
DA:635,2
DA:636,0
DA:637,1
DA:639,0
DA:641,1
DA:643,2
DA:649,1
DA:653,1
DA:654,1
DA:655,2
DA:656,2
DA:657,2
DA:658,1
DA:659,1
DA:660,3
DA:661,2
DA:663,1
DA:664,0
DA:665,2
DA:670,1
DA:671,0
DA:672,0
DA:676,1
DA:677,1
DA:679,1
DA:680,1
DA:683,1
DA:684,1
DA:685,1
DA:688,1
DA:691,1
DA:692,1
DA:695,1
DA:698,1
DA:699,1
DA:702,1
DA:706,1
DA:708,1
DA:709,1
DA:710,1
DA:711,1
DA:713,2
DA:722,1
DA:729,1
DA:730,1
DA:731,1
DA:733,1
DA:735,1
DA:736,1
DA:738,1
DA:740,1
DA:749,1
DA:758,1
DA:763,1
LF:366
LH:225
end_of_record
SF:lib/notifications/notification_helper.dart
DA:29,3
DA:32,2
DA:34,1
DA:44,0
DA:45,0
DA:51,0
DA:55,0
DA:58,0
DA:59,0
DA:62,0
DA:65,0
DA:66,0
DA:69,0
DA:82,1
DA:91,0
DA:92,0
DA:95,0
DA:104,1
DA:105,0
DA:106,0
DA:107,0
DA:110,0
LF:22
LH:5
end_of_record
SF:lib/screens/add_stock_screen.dart
DA:19,0
DA:21,0
DA:22,0
DA:29,0
DA:31,0
DA:32,0
DA:35,0
DA:37,0
DA:38,0
DA:41,0
DA:42,0
DA:43,0
DA:44,0
DA:45,0
DA:47,0
DA:48,0
DA:49,0
DA:53,0
DA:55,0
DA:57,0
DA:58,0
DA:59,0
DA:61,0
DA:63,0
DA:64,0
DA:65,0
DA:66,0
DA:67,0
DA:68,0
DA:69,0
DA:71,0
DA:72,0
DA:73,0
DA:75,0
DA:76,0
DA:82,0
DA:83,0
DA:84,0
LF:38
LH:0
end_of_record
SF:lib/screens/adherence_screen.dart
DA:19,1
DA:21,0
DA:22,0
DA:37,0
DA:39,0
DA:40,0
DA:46,0
DA:47,0
DA:48,0
DA:49,0
DA:50,0
DA:51,0
DA:53,0
DA:63,0
DA:64,0
DA:65,0
DA:69,0
DA:70,0
DA:71,0
DA:72,0
DA:73,0
DA:75,0
DA:77,0
DA:83,0
DA:84,0
DA:85,0
DA:86,0
DA:88,0
DA:90,0
DA:94,0
DA:97,0
DA:99,0
DA:100,0
DA:101,0
DA:102,0
DA:103,0
DA:104,0
DA:105,0
DA:108,0
DA:109,0
DA:112,0
DA:113,0
DA:114,0
DA:115,0
DA:116,0
DA:117,0
DA:118,0
DA:119,0
DA:120,0
DA:121,0
DA:122,0
DA:123,0
DA:126,0
DA:127,0
DA:128,0
DA:129,0
DA:133,0
DA:134,0
DA:136,0
DA:137,0
DA:138,0
DA:139,0
DA:140,0
DA:141,0
DA:142,0
DA:144,0
DA:159,0
DA:161,0
DA:162,0
DA:163,0
DA:164,0
DA:165,0
DA:168,0
DA:170,0
DA:171,0
DA:172,0
DA:173,0
DA:175,0
DA:176,0
DA:177,0
DA:199,0
DA:200,0
DA:201,0
DA:203,0
DA:204,0
DA:205,0
DA:207,0
DA:208,0
DA:209,0
DA:210,0
DA:223,0
DA:224,0
DA:226,0
LF:93
LH:1
end_of_record
SF:lib/screens/medication_details_screen.dart
DA:20,0
DA:22,0
DA:24,0
DA:31,0
DA:33,0
DA:34,0
DA:37,0
DA:38,0
DA:39,0
DA:45,0
DA:49,0
DA:55,0
DA:57,0
DA:58,0
DA:59,0
DA:60,0
DA:61,0
DA:62,0
DA:69,0
DA:71,0
DA:73,0
DA:75,0
DA:77,0
DA:79,0
DA:80,0
DA:81,0
DA:83,0
DA:85,0
DA:86,0
DA:88,0
DA:89,0
DA:92,0
DA:93,0
DA:94,0
DA:95,0
DA:96,0
DA:97,0
DA:99,0
DA:100,0
DA:101,0
DA:104,0
DA:106,0
DA:107,0
DA:109,0
DA:110,0
DA:111,0
DA:116,0
LF:47
LH:0
end_of_record
SF:lib/widgets/frequency_selector.dart
DA:19,0
DA:25,0
DA:26,0
DA:35,0
DA:37,0
DA:38,0
DA:39,0
DA:40,0
DA:41,0
DA:44,0
DA:46,0
DA:47,0
DA:48,0
DA:50,0
DA:51,0
DA:52,0
DA:53,0
DA:56,0
DA:57,0
DA:58,0
DA:59,0
DA:62,0
DA:63,0
DA:66,0
DA:69,0
DA:71,0
DA:72,0
DA:74,0
DA:76,0
DA:78,0
DA:79,0
DA:80,0
DA:81,0
DA:82,0
DA:84,0
DA:85,0
DA:86,0
DA:91,0
DA:92,0
DA:93,0
DA:94,0
DA:96,0
DA:97,0
DA:98,0
DA:99,0
DA:101,0
DA:106,0
DA:107,0
DA:108,0
DA:109,0
DA:111,0
DA:112,0
DA:113,0
DA:118,0
DA:119,0
DA:120,0
DA:121,0
DA:123,0
DA:124,0
DA:125,0
DA:135,0
DA:136,0
DA:137,0
DA:141,0
DA:143,0
DA:144,0
DA:147,0
DA:148,0
DA:149,0
DA:151,0
DA:153,0
DA:155,0
DA:159,0
DA:162,0
DA:163,0
DA:164,0
DA:166,0
DA:168,0
DA:170,0
DA:174,0
DA:177,0
DA:178,0
DA:179,0
DA:181,0
DA:183,0
DA:185,0
DA:189,0
DA:192,0
DA:193,0
DA:194,0
DA:196,0
DA:198,0
DA:200,0
DA:204,0
DA:207,0
DA:208,0
DA:209,0
DA:211,0
DA:213,0
DA:215,0
DA:219,0
DA:222,0
DA:223,0
DA:224,0
DA:226,0
DA:228,0
DA:230,0
DA:234,0
DA:237,0
DA:238,0
DA:239,0
DA:241,0
DA:243,0
DA:245,0
DA:255,0
DA:256,0
DA:257,0
DA:258,0
DA:260,0
DA:262,0
DA:263,0
DA:265,0
DA:266,0
DA:267,0
DA:268,0
DA:270,0
DA:271,0
DA:273,0
DA:274,0
DA:275,0
DA:282,0
DA:289,0
DA:290,0
DA:291,0
DA:292,0
DA:294,0
DA:296,0
DA:297,0
DA:299,0
DA:300,0
DA:301,0
DA:303,0
DA:306,0
DA:307,0
DA:309,0
DA:310,0
DA:311,0
DA:331,0
DA:338,0
DA:340,0
DA:341,0
DA:342,0
DA:343,0
DA:344,0
LF:154
LH:0
end_of_record
SF:lib/widgets/today_medications_widget.dart
DA:29,1
DA:37,1
DA:39,1
DA:44,2
DA:45,1
DA:46,2
DA:47,1
DA:48,2
DA:50,2
DA:52,1
DA:54,1
DA:56,1
DA:58,1
DA:59,1
DA:61,1
DA:62,1
DA:63,1
DA:64,3
DA:66,1
DA:67,1
DA:68,2
DA:74,4
DA:75,1
DA:76,1
DA:77,1
DA:78,1
DA:80,1
DA:81,1
DA:82,1
DA:87,1
DA:88,1
DA:89,4
DA:97,2
DA:98,0
DA:100,1
DA:103,2
DA:104,1
DA:105,2
DA:106,2
DA:107,2
DA:108,1
DA:109,1
DA:113,2
DA:114,1
DA:115,3
DA:119,1
DA:121,0
LF:47
LH:45
end_of_record
SF:lib/services/at_protocol_service.dart
DA:29,0
DA:32,0
DA:34,0
DA:52,0
DA:54,0
DA:55,0
DA:56,0
DA:59,0
DA:60,0
DA:61,0
DA:62,0
DA:65,0
DA:66,0
DA:67,0
DA:68,0
DA:71,0
DA:74,0
DA:85,0
DA:87,0
DA:88,0
DA:91,0
DA:92,0
DA:93,0
DA:94,0
DA:95,0
DA:99,0
DA:100,0
DA:105,0
DA:106,0
DA:107,0
DA:109,0
DA:110,0
DA:112,0
DA:114,0
DA:117,0
DA:118,0
DA:131,0
DA:133,0
DA:134,0
DA:137,0
DA:138,0
DA:140,0
DA:141,0
DA:142,0
DA:143,0
DA:146,0
DA:147,0
DA:149,0
DA:154,0
DA:155,0
DA:157,0
DA:160,0
DA:163,0
DA:174,0
DA:176,0
DA:177,0
DA:180,0
DA:181,0
DA:182,0
DA:183,0
DA:184,0
DA:187,0
DA:188,0
DA:194,0
DA:196,0
DA:201,0
DA:202,0
DA:204,0
DA:205,0
DA:206,0
DA:207,0
DA:208,0
DA:209,0
DA:210,0
DA:214,0
DA:215,0
DA:216,0
DA:217,0
DA:218,0
DA:219,0
DA:221,0
DA:222,0
DA:223,0
DA:224,0
DA:226,0
DA:230,0
DA:231,0
DA:238,0
DA:239,0
DA:242,0
DA:243,0
DA:244,0
DA:245,0
DA:246,0
DA:251,0
DA:252,0
DA:253,0
DA:254,0
DA:257,0
DA:262,0
LF:100
LH:0
end_of_record
