SF:lib/database/database_helper.dart
DA:30,5
DA:34,3
DA:35,3
DA:39,2
DA:44,1
DA:46,0
DA:48,2
DA:53,2
DA:59,1
DA:60,2
DA:66,1
DA:67,2
DA:71,2
DA:72,4
DA:78,0
DA:79,0
DA:85,0
DA:86,0
DA:90,0
DA:91,0
DA:95,0
DA:96,0
DA:100,0
DA:101,0
DA:105,1
DA:106,2
DA:110,0
DA:111,0
DA:115,0
DA:116,0
LF:30
LH:15
end_of_record
SF:lib/database/mobile_database_adapter.dart
DA:27,1
DA:32,1
DA:35,2
DA:36,2
DA:37,4
DA:38,2
DA:39,4
DA:40,2
DA:41,0
DA:43,2
DA:48,0
DA:49,0
DA:52,2
DA:53,2
DA:55,1
DA:58,1
DA:59,1
DA:63,0
DA:65,0
DA:68,0
DA:69,0
DA:92,0
DA:101,0
DA:102,0
DA:104,0
DA:107,0
DA:110,0
DA:113,0
DA:116,0
DA:120,0
DA:121,0
DA:122,0
DA:130,0
DA:131,0
DA:135,0
DA:136,0
DA:139,0
DA:145,1
DA:147,1
DA:148,2
DA:151,1
DA:153,1
DA:154,0
DA:155,0
DA:156,0
DA:160,0
DA:162,0
DA:163,0
DA:165,0
DA:167,0
DA:171,0
DA:173,0
DA:174,0
DA:177,0
DA:179,0
DA:180,0
DA:183,0
DA:185,0
DA:186,0
DA:189,0
DA:191,0
DA:192,0
DA:196,0
DA:198,0
DA:199,0
DA:202,0
DA:204,0
DA:205,0
DA:210,0
DA:212,0
DA:213,0
DA:216,0
DA:220,0
DA:221,0
DA:226,0
DA:228,0
DA:229,0
DA:230,0
DA:231,0
DA:233,0
DA:236,0
DA:239,0
DA:240,0
DA:244,0
DA:246,0
DA:247,0
DA:248,0
DA:249,0
DA:253,2
DA:255,1
LF:90
LH:21
end_of_record
SF:lib/models/medication.dart
DA:62,3
DA:78,3
DA:79,3
DA:82,2
DA:83,2
DA:84,2
DA:85,2
DA:86,2
DA:87,2
DA:88,4
DA:89,6
DA:90,6
DA:91,4
DA:92,4
DA:93,4
DA:94,4
DA:95,2
DA:96,4
DA:97,2
DA:98,2
DA:99,2
DA:100,4
DA:101,4
DA:102,3
DA:103,2
DA:104,2
DA:109,2
DA:111,2
DA:113,2
DA:114,4
DA:119,2
DA:120,2
DA:121,6
DA:123,2
DA:124,3
DA:125,1
DA:126,1
DA:127,1
DA:128,3
DA:129,1
DA:130,1
DA:131,2
DA:132,0
DA:134,4
DA:136,2
DA:137,3
DA:138,0
DA:139,0
DA:140,0
DA:141,0
DA:142,0
DA:143,2
DA:147,2
DA:148,2
DA:149,2
DA:150,2
DA:151,4
DA:152,6
DA:154,2
DA:155,4
DA:156,0
DA:157,2
DA:158,2
DA:159,0
DA:162,4
DA:163,2
DA:164,2
DA:165,4
DA:166,2
DA:167,2
DA:168,4
DA:169,2
DA:170,2
DA:171,2
DA:173,2
DA:174,6
DA:182,1
DA:199,1
DA:200,1
DA:201,1
DA:202,1
DA:203,1
DA:204,1
DA:205,1
DA:206,1
DA:207,1
DA:208,1
DA:209,1
DA:210,1
DA:211,1
DA:212,1
DA:213,1
DA:215,1
DA:216,1
DA:218,1
DA:228,1
DA:229,2
DA:230,1
DA:241,2
DA:242,2
DA:244,2
DA:246,2
DA:247,3
DA:250,2
DA:251,2
DA:252,2
DA:253,2
DA:255,2
DA:264,2
DA:265,2
DA:266,2
DA:267,4
DA:271,1
DA:272,9
DA:276,2
DA:277,2
DA:279,2
DA:280,2
DA:282,2
DA:283,2
DA:285,1
DA:287,1
DA:289,1
DA:295,2
DA:296,2
DA:297,2
DA:298,6
DA:302,2
DA:303,2
DA:305,2
DA:306,6
DA:308,2
DA:312,2
DA:313,2
DA:315,2
DA:317,2
DA:318,2
DA:319,2
DA:320,2
DA:321,3
DA:322,2
DA:323,3
DA:324,2
DA:329,1
DA:330,4
DA:334,1
DA:335,1
DA:336,4
DA:337,1
DA:338,2
DA:341,4
DA:342,3
DA:343,2
DA:345,3
DA:346,2
DA:347,1
DA:348,3
DA:351,4
DA:352,2
DA:353,0
DA:362,2
DA:363,2
DA:364,2
DA:365,8
DA:366,2
DA:367,4
DA:368,4
DA:369,4
DA:371,4
LF:169
LH:160
end_of_record
SF:lib/models/frequency_pattern.dart
DA:27,2
DA:36,1
DA:40,1
DA:48,2
DA:53,2
DA:62,1
DA:67,1
DA:76,0
DA:77,0
DA:78,0
DA:79,0
DA:80,0
DA:81,0
DA:82,0
DA:87,0
DA:88,0
DA:89,0
DA:91,0
DA:92,0
DA:93,0
DA:94,0
DA:95,0
DA:96,0
DA:97,0
DA:98,0
DA:99,0
DA:101,0
DA:102,0
DA:103,0
DA:104,0
DA:105,0
DA:106,0
DA:107,0
DA:108,0
DA:113,0
DA:114,0
DA:115,0
DA:116,0
DA:117,0
DA:118,0
DA:119,0
DA:120,0
DA:121,0
DA:122,0
DA:124,0
DA:126,0
DA:127,0
DA:131,0
DA:133,0
DA:137,1
DA:138,1
DA:139,1
DA:141,1
DA:142,3
DA:143,1
DA:144,3
DA:147,1
DA:148,1
DA:149,1
DA:150,1
DA:152,4
DA:154,1
DA:155,1
DA:156,3
DA:157,0
LF:65
LH:22
end_of_record
SF:lib/models/medication_log.dart
DA:13,1
DA:16,0
DA:17,0
DA:18,0
DA:19,0
DA:20,0
DA:25,0
DA:26,0
DA:27,0
DA:28,0
DA:29,0
LF:11
LH:1
end_of_record
SF:lib/database/web_database_adapter.dart
DA:26,0
DA:28,0
DA:31,0
DA:33,0
DA:35,0
DA:38,0
DA:39,0
DA:42,0
DA:43,0
DA:44,0
DA:45,0
DA:49,0
DA:51,0
DA:52,0
DA:55,0
DA:57,0
DA:58,0
DA:59,0
DA:60,0
DA:61,0
DA:67,0
DA:69,0
DA:70,0
DA:71,0
DA:72,0
DA:73,0
DA:76,0
DA:77,0
DA:78,0
DA:81,0
DA:82,0
DA:83,0
DA:84,0
DA:85,0
DA:87,0
DA:90,0
DA:92,0
DA:94,0
DA:96,0
DA:99,0
DA:100,0
DA:101,0
DA:102,0
DA:106,0
DA:108,0
DA:110,0
DA:111,0
DA:112,0
DA:115,0
DA:117,0
DA:118,0
DA:119,0
DA:120,0
DA:125,0
DA:127,0
DA:129,0
DA:130,0
DA:132,0
DA:133,0
DA:138,0
DA:140,0
DA:141,0
DA:142,0
DA:143,0
DA:146,0
DA:147,0
DA:148,0
DA:150,0
DA:151,0
DA:154,0
DA:156,0
DA:157,0
DA:160,0
DA:161,0
DA:162,0
DA:165,0
DA:166,0
DA:167,0
DA:168,0
DA:169,0
DA:171,0
DA:174,0
LF:82
LH:0
end_of_record
SF:lib/l10n/app_localizations.dart
DA:9,2
DA:11,2
DA:12,2
LF:3
LH:3
end_of_record
SF:lib/l10n/app_localizations_delegate.dart
DA:24,0
DA:26,2
DA:28,6
DA:31,2
DA:33,2
DA:34,2
DA:35,0
DA:36,2
DA:37,0
DA:38,2
DA:39,0
DA:40,2
DA:41,0
DA:43,4
DA:47,0
LF:15
LH:9
end_of_record
SF:lib/l10n/en/app_localizations_en.dart
DA:11,2
DA:13,0
DA:16,1
DA:19,1
DA:22,1
DA:25,1
DA:26,1
DA:28,1
DA:31,1
DA:34,0
DA:37,1
DA:40,0
DA:43,0
DA:46,1
DA:49,0
DA:52,0
DA:55,0
DA:58,1
DA:61,0
DA:64,1
DA:67,1
DA:70,0
DA:73,0
DA:75,0
DA:77,1
DA:80,1
DA:83,1
DA:86,1
DA:89,1
DA:92,1
DA:95,1
DA:98,1
DA:101,1
DA:104,0
DA:107,0
DA:110,1
DA:113,0
DA:116,0
DA:119,0
DA:122,0
DA:125,1
DA:128,1
DA:132,1
DA:135,1
DA:138,0
DA:141,1
DA:144,0
DA:145,0
DA:147,0
DA:148,0
DA:150,0
DA:153,0
DA:156,1
DA:159,1
DA:160,1
DA:162,1
DA:165,0
DA:169,1
DA:172,1
DA:175,1
DA:178,1
DA:181,0
DA:184,0
DA:187,0
DA:190,0
DA:193,0
DA:196,0
DA:199,0
DA:202,0
DA:205,0
DA:208,0
DA:211,0
DA:214,0
DA:217,0
DA:220,0
DA:223,0
DA:226,0
DA:229,0
DA:232,0
DA:235,0
DA:238,0
DA:241,0
DA:244,0
DA:247,0
DA:249,0
DA:251,0
DA:252,0
DA:254,0
DA:256,0
DA:258,0
DA:260,0
DA:262,0
DA:265,0
DA:268,1
DA:271,0
DA:274,1
DA:277,1
DA:280,0
DA:283,1
DA:286,1
DA:289,0
DA:292,0
DA:295,0
DA:298,1
DA:301,0
DA:304,0
DA:307,0
DA:311,0
DA:314,0
DA:317,0
DA:320,0
DA:323,0
DA:326,0
DA:329,0
DA:332,1
DA:335,0
DA:338,0
DA:341,0
DA:344,0
DA:348,0
DA:349,0
DA:351,1
DA:354,1
DA:357,0
DA:360,0
DA:363,0
DA:366,0
DA:369,0
DA:372,1
DA:375,0
DA:378,0
DA:381,0
DA:382,0
DA:384,0
DA:387,0
DA:390,0
DA:391,0
DA:393,0
DA:396,0
DA:399,0
DA:402,0
DA:405,0
DA:406,0
DA:408,0
DA:411,0
DA:414,1
DA:415,1
DA:417,1
DA:420,1
DA:423,0
DA:426,0
DA:430,0
DA:434,0
DA:437,0
DA:440,0
DA:443,0
DA:447,0
DA:450,0
DA:453,0
DA:456,1
DA:459,1
DA:462,0
DA:465,0
DA:468,0
DA:472,0
DA:475,0
DA:478,0
DA:481,0
DA:484,0
DA:487,0
DA:490,0
DA:493,0
DA:496,0
DA:499,0
DA:500,0
DA:502,0
DA:505,1
DA:508,1
DA:511,1
DA:514,0
DA:517,0
DA:520,1
DA:523,1
DA:527,0
DA:530,1
DA:533,0
DA:534,0
DA:536,0
DA:540,0
DA:541,0
DA:543,0
DA:546,0
DA:547,0
DA:549,1
DA:550,1
DA:552,1
DA:555,1
DA:558,1
DA:561,1
DA:564,0
DA:566,0
DA:568,0
DA:569,0
DA:571,1
DA:574,1
DA:577,1
DA:580,1
DA:583,0
DA:586,0
DA:589,0
DA:592,0
DA:595,0
DA:598,0
DA:601,0
DA:604,0
DA:607,0
DA:610,0
DA:613,0
DA:616,0
DA:619,0
DA:622,0
DA:625,0
DA:628,0
DA:631,0
DA:634,0
DA:637,0
DA:641,0
DA:644,1
DA:647,0
DA:651,1
DA:654,0
DA:657,1
DA:660,0
DA:663,0
DA:666,1
DA:669,1
DA:672,1
DA:675,0
DA:678,0
DA:680,0
DA:682,0
DA:685,0
DA:688,0
DA:691,0
DA:694,0
DA:697,0
DA:700,0
LF:247
LH:74
end_of_record
SF:lib/l10n/fi/app_localizations_fi.dart
DA:11,0
DA:13,0
DA:16,0
DA:19,0
DA:22,0
DA:25,0
DA:26,0
DA:28,0
DA:31,0
DA:34,0
DA:37,0
DA:40,0
DA:43,0
DA:46,0
DA:49,0
DA:52,0
DA:55,0
DA:58,0
DA:61,0
DA:64,0
DA:67,0
DA:70,0
DA:74,0
DA:76,0
DA:78,0
DA:81,0
DA:84,0
DA:88,0
DA:91,0
DA:94,0
DA:97,0
DA:100,0
DA:103,0
DA:106,0
DA:109,0
DA:112,0
DA:115,0
DA:118,0
DA:121,0
DA:124,0
DA:127,0
DA:130,0
DA:134,0
DA:137,0
DA:140,0
DA:143,0
DA:146,0
DA:147,0
DA:149,0
DA:151,0
DA:153,0
DA:157,0
DA:160,0
DA:163,0
DA:164,0
DA:166,0
DA:169,0
DA:173,0
DA:176,0
DA:179,0
DA:182,0
DA:185,0
DA:188,0
DA:191,0
DA:194,0
DA:197,0
DA:200,0
DA:203,0
DA:206,0
DA:209,0
DA:212,0
DA:215,0
DA:218,0
DA:221,0
DA:224,0
DA:227,0
DA:230,0
DA:233,0
DA:236,0
DA:239,0
DA:242,0
DA:245,0
DA:248,0
DA:251,0
DA:253,0
DA:255,0
DA:258,0
DA:260,0
DA:262,0
DA:264,0
DA:266,0
DA:269,0
DA:272,0
DA:275,0
DA:278,0
DA:281,0
DA:284,0
DA:287,0
DA:290,0
DA:293,0
DA:296,0
DA:299,0
DA:302,0
DA:305,0
DA:308,0
DA:311,0
DA:315,0
DA:318,0
DA:321,0
DA:324,0
DA:327,0
DA:330,0
DA:333,0
DA:336,0
DA:339,0
DA:342,0
DA:345,0
DA:348,0
DA:352,0
DA:353,0
DA:355,0
DA:358,0
DA:361,0
DA:364,0
DA:367,0
DA:370,0
DA:373,0
DA:376,0
DA:379,0
DA:382,0
DA:385,0
DA:386,0
DA:388,0
DA:391,0
DA:394,0
DA:395,0
DA:397,0
DA:400,0
DA:404,0
DA:407,0
DA:410,0
DA:412,0
DA:414,0
DA:417,0
DA:420,0
DA:422,0
DA:424,0
DA:427,0
DA:430,0
DA:433,0
DA:437,0
DA:441,0
DA:444,0
DA:447,0
DA:450,0
DA:454,0
DA:457,0
DA:460,0
DA:463,0
DA:466,0
DA:469,0
DA:472,0
DA:475,0
DA:478,0
DA:481,0
DA:484,0
DA:487,0
DA:490,0
DA:493,0
DA:496,0
DA:499,0
DA:502,0
DA:505,0
DA:507,0
DA:509,0
DA:512,0
DA:515,0
DA:518,0
DA:521,0
DA:524,0
DA:527,0
DA:530,0
DA:534,0
DA:537,0
DA:540,0
DA:541,0
DA:543,0
DA:547,0
DA:549,0
DA:551,0
DA:554,0
DA:556,0
DA:558,0
DA:559,0
DA:561,0
DA:564,0
DA:567,0
DA:570,0
DA:573,0
DA:575,0
DA:577,0
DA:578,0
DA:580,0
DA:583,0
DA:586,0
DA:589,0
DA:592,0
DA:595,0
DA:598,0
DA:601,0
DA:604,0
DA:607,0
DA:610,0
DA:613,0
DA:616,0
DA:619,0
DA:622,0
DA:625,0
DA:628,0
DA:631,0
DA:634,0
DA:637,0
DA:640,0
DA:643,0
DA:646,0
DA:649,0
DA:652,0
DA:655,0
DA:658,0
DA:661,0
DA:664,0
DA:667,0
DA:670,0
DA:673,0
DA:676,0
DA:679,0
DA:682,0
DA:685,0
DA:686,0
DA:688,0
DA:690,0
DA:693,0
DA:696,0
DA:699,0
DA:702,0
DA:705,0
DA:708,0
LF:247
LH:0
end_of_record
SF:lib/l10n/es/app_localizations_es.dart
DA:11,0
DA:13,0
DA:16,0
DA:19,0
DA:22,0
DA:25,0
DA:26,0
DA:28,0
DA:31,0
DA:34,0
DA:38,0
DA:41,0
DA:44,0
DA:47,0
DA:50,0
DA:53,0
DA:57,0
DA:60,0
DA:63,0
DA:66,0
DA:69,0
DA:72,0
DA:75,0
DA:77,0
DA:79,0
DA:82,0
DA:85,0
DA:88,0
DA:91,0
DA:94,0
DA:97,0
DA:100,0
DA:103,0
DA:106,0
DA:109,0
DA:112,0
DA:115,0
DA:118,0
DA:121,0
DA:124,0
DA:127,0
DA:130,0
DA:134,0
DA:137,0
DA:140,0
DA:143,0
DA:146,0
DA:147,0
DA:149,0
DA:150,0
DA:152,0
DA:156,0
DA:159,0
DA:162,0
DA:163,0
DA:165,0
DA:168,0
DA:172,0
DA:175,0
DA:178,0
DA:181,0
DA:184,0
DA:187,0
DA:190,0
DA:193,0
DA:196,0
DA:199,0
DA:202,0
DA:205,0
DA:208,0
DA:211,0
DA:214,0
DA:217,0
DA:220,0
DA:223,0
DA:226,0
DA:229,0
DA:232,0
DA:235,0
DA:238,0
DA:241,0
DA:244,0
DA:247,0
DA:250,0
DA:252,0
DA:254,0
DA:255,0
DA:257,0
DA:259,0
DA:261,0
DA:263,0
DA:265,0
DA:268,0
DA:271,0
DA:274,0
DA:277,0
DA:280,0
DA:283,0
DA:287,0
DA:291,0
DA:294,0
DA:297,0
DA:300,0
DA:303,0
DA:306,0
DA:309,0
DA:312,0
DA:316,0
DA:319,0
DA:322,0
DA:325,0
DA:328,0
DA:331,0
DA:334,0
DA:337,0
DA:340,0
DA:343,0
DA:346,0
DA:349,0
DA:353,0
DA:354,0
DA:356,0
DA:359,0
DA:362,0
DA:365,0
DA:368,0
DA:371,0
DA:374,0
DA:377,0
DA:380,0
DA:383,0
DA:386,0
DA:387,0
DA:389,0
DA:392,0
DA:395,0
DA:396,0
DA:398,0
DA:402,0
DA:406,0
DA:409,0
DA:412,0
DA:413,0
DA:415,0
DA:418,0
DA:421,0
DA:422,0
DA:424,0
DA:427,0
DA:430,0
DA:433,0
DA:437,0
DA:441,0
DA:444,0
DA:447,0
DA:450,0
DA:454,0
DA:457,0
DA:460,0
DA:463,0
DA:466,0
DA:469,0
DA:472,0
DA:475,0
DA:479,0
DA:482,0
DA:485,0
DA:488,0
DA:491,0
DA:494,0
DA:497,0
DA:500,0
DA:503,0
DA:506,0
DA:508,0
DA:510,0
DA:513,0
DA:516,0
DA:519,0
DA:522,0
DA:525,0
DA:528,0
DA:531,0
DA:535,0
DA:538,0
DA:541,0
DA:542,0
DA:544,0
DA:548,0
DA:550,0
DA:552,0
DA:555,0
DA:557,0
DA:559,0
DA:560,0
DA:562,0
DA:565,0
DA:568,0
DA:571,0
DA:574,0
DA:576,0
DA:578,0
DA:579,0
DA:581,0
DA:584,0
DA:587,0
DA:590,0
DA:593,0
DA:596,0
DA:599,0
DA:602,0
DA:605,0
DA:608,0
DA:611,0
DA:614,0
DA:617,0
DA:620,0
DA:623,0
DA:626,0
DA:629,0
DA:632,0
DA:635,0
DA:638,0
DA:641,0
DA:644,0
DA:647,0
DA:651,0
DA:655,0
DA:658,0
DA:662,0
DA:665,0
DA:668,0
DA:671,0
DA:674,0
DA:677,0
DA:680,0
DA:683,0
DA:686,0
DA:689,0
DA:691,0
DA:693,0
DA:696,0
DA:699,0
DA:702,0
DA:705,0
DA:708,0
DA:711,0
LF:247
LH:0
end_of_record
SF:lib/l10n/de/app_localizations_de.dart
DA:11,0
DA:13,0
DA:16,0
DA:19,0
DA:22,0
DA:25,0
DA:26,0
DA:28,0
DA:31,0
DA:34,0
DA:38,0
DA:41,0
DA:44,0
DA:47,0
DA:50,0
DA:53,0
DA:57,0
DA:60,0
DA:63,0
DA:66,0
DA:69,0
DA:72,0
DA:76,0
DA:78,0
DA:80,0
DA:83,0
DA:86,0
DA:90,0
DA:93,0
DA:96,0
DA:99,0
DA:102,0
DA:105,0
DA:108,0
DA:111,0
DA:114,0
DA:117,0
DA:120,0
DA:123,0
DA:126,0
DA:129,0
DA:132,0
DA:136,0
DA:139,0
DA:142,0
DA:145,0
DA:148,0
DA:149,0
DA:151,0
DA:152,0
DA:154,0
DA:158,0
DA:161,0
DA:164,0
DA:165,0
DA:167,0
DA:170,0
DA:174,0
DA:177,0
DA:180,0
DA:183,0
DA:186,0
DA:189,0
DA:192,0
DA:195,0
DA:198,0
DA:201,0
DA:204,0
DA:207,0
DA:210,0
DA:213,0
DA:216,0
DA:219,0
DA:222,0
DA:225,0
DA:228,0
DA:231,0
DA:234,0
DA:237,0
DA:240,0
DA:243,0
DA:246,0
DA:249,0
DA:252,0
DA:254,0
DA:256,0
DA:257,0
DA:259,0
DA:261,0
DA:263,0
DA:265,0
DA:267,0
DA:270,0
DA:273,0
DA:276,0
DA:279,0
DA:282,0
DA:285,0
DA:289,0
DA:292,0
DA:295,0
DA:298,0
DA:301,0
DA:304,0
DA:307,0
DA:310,0
DA:313,0
DA:317,0
DA:320,0
DA:323,0
DA:326,0
DA:329,0
DA:332,0
DA:335,0
DA:338,0
DA:341,0
DA:344,0
DA:347,0
DA:350,0
DA:354,0
DA:355,0
DA:357,0
DA:360,0
DA:363,0
DA:366,0
DA:369,0
DA:372,0
DA:375,0
DA:378,0
DA:381,0
DA:384,0
DA:387,0
DA:388,0
DA:390,0
DA:393,0
DA:396,0
DA:398,0
DA:400,0
DA:403,0
DA:407,0
DA:410,0
DA:413,0
DA:415,0
DA:417,0
DA:420,0
DA:423,0
DA:425,0
DA:427,0
DA:430,0
DA:433,0
DA:436,0
DA:440,0
DA:444,0
DA:447,0
DA:450,0
DA:453,0
DA:457,0
DA:460,0
DA:463,0
DA:466,0
DA:469,0
DA:472,0
DA:475,0
DA:478,0
DA:482,0
DA:485,0
DA:488,0
DA:491,0
DA:494,0
DA:497,0
DA:500,0
DA:503,0
DA:506,0
DA:509,0
DA:511,0
DA:513,0
DA:516,0
DA:519,0
DA:522,0
DA:525,0
DA:528,0
DA:531,0
DA:534,0
DA:537,0
DA:540,0
DA:543,0
DA:544,0
DA:546,0
DA:550,0
DA:552,0
DA:554,0
DA:557,0
DA:559,0
DA:561,0
DA:562,0
DA:564,0
DA:567,0
DA:570,0
DA:573,0
DA:576,0
DA:578,0
DA:580,0
DA:581,0
DA:583,0
DA:586,0
DA:589,0
DA:592,0
DA:595,0
DA:598,0
DA:601,0
DA:604,0
DA:607,0
DA:610,0
DA:613,0
DA:616,0
DA:619,0
DA:622,0
DA:625,0
DA:628,0
DA:631,0
DA:634,0
DA:637,0
DA:640,0
DA:643,0
DA:646,0
DA:649,0
DA:652,0
DA:655,0
DA:658,0
DA:661,0
DA:664,0
DA:667,0
DA:670,0
DA:673,0
DA:676,0
DA:679,0
DA:682,0
DA:685,0
DA:688,0
DA:689,0
DA:691,0
DA:693,0
DA:696,0
DA:699,0
DA:702,0
DA:705,0
DA:708,0
DA:711,0
LF:248
LH:0
end_of_record
SF:lib/l10n/sv/app_localizations_sv.dart
DA:11,0
DA:13,0
DA:16,0
DA:19,0
DA:22,0
DA:25,0
DA:26,0
DA:28,0
DA:31,0
DA:34,0
DA:37,0
DA:40,0
DA:43,0
DA:46,0
DA:49,0
DA:52,0
DA:55,0
DA:58,0
DA:61,0
DA:64,0
DA:67,0
DA:70,0
DA:74,0
DA:76,0
DA:78,0
DA:81,0
DA:84,0
DA:88,0
DA:91,0
DA:94,0
DA:97,0
DA:100,0
DA:103,0
DA:106,0
DA:109,0
DA:112,0
DA:115,0
DA:118,0
DA:121,0
DA:124,0
DA:127,0
DA:130,0
DA:134,0
DA:137,0
DA:140,0
DA:143,0
DA:146,0
DA:147,0
DA:149,0
DA:150,0
DA:152,0
DA:155,0
DA:158,0
DA:161,0
DA:162,0
DA:164,0
DA:167,0
DA:171,0
DA:174,0
DA:177,0
DA:180,0
DA:183,0
DA:186,0
DA:189,0
DA:192,0
DA:195,0
DA:198,0
DA:201,0
DA:204,0
DA:207,0
DA:210,0
DA:213,0
DA:216,0
DA:219,0
DA:222,0
DA:225,0
DA:228,0
DA:231,0
DA:234,0
DA:237,0
DA:240,0
DA:243,0
DA:246,0
DA:249,0
DA:251,0
DA:253,0
DA:254,0
DA:256,0
DA:258,0
DA:260,0
DA:262,0
DA:264,0
DA:267,0
DA:270,0
DA:273,0
DA:276,0
DA:279,0
DA:282,0
DA:286,0
DA:289,0
DA:292,0
DA:295,0
DA:298,0
DA:301,0
DA:304,0
DA:307,0
DA:310,0
DA:314,0
DA:317,0
DA:320,0
DA:323,0
DA:326,0
DA:329,0
DA:332,0
DA:335,0
DA:338,0
DA:341,0
DA:344,0
DA:347,0
DA:351,0
DA:352,0
DA:354,0
DA:357,0
DA:360,0
DA:363,0
DA:366,0
DA:369,0
DA:372,0
DA:375,0
DA:378,0
DA:381,0
DA:384,0
DA:386,0
DA:388,0
DA:391,0
DA:394,0
DA:395,0
DA:397,0
DA:401,0
DA:405,0
DA:408,0
DA:411,0
DA:413,0
DA:415,0
DA:418,0
DA:421,0
DA:423,0
DA:425,0
DA:428,0
DA:431,0
DA:434,0
DA:438,0
DA:442,0
DA:445,0
DA:448,0
DA:451,0
DA:455,0
DA:458,0
DA:461,0
DA:464,0
DA:467,0
DA:470,0
DA:473,0
DA:476,0
DA:480,0
DA:483,0
DA:486,0
DA:489,0
DA:492,0
DA:495,0
DA:498,0
DA:501,0
DA:504,0
DA:507,0
DA:509,0
DA:511,0
DA:514,0
DA:517,0
DA:520,0
DA:523,0
DA:526,0
DA:529,0
DA:532,0
DA:535,0
DA:538,0
DA:541,0
DA:542,0
DA:544,0
DA:548,0
DA:550,0
DA:552,0
DA:555,0
DA:557,0
DA:559,0
DA:560,0
DA:562,0
DA:565,0
DA:568,0
DA:571,0
DA:574,0
DA:576,0
DA:578,0
DA:579,0
DA:581,0
DA:584,0
DA:587,0
DA:590,0
DA:593,0
DA:596,0
DA:599,0
DA:602,0
DA:605,0
DA:608,0
DA:611,0
DA:614,0
DA:617,0
DA:620,0
DA:623,0
DA:626,0
DA:629,0
DA:632,0
DA:635,0
DA:638,0
DA:641,0
DA:644,0
DA:647,0
DA:651,0
DA:654,0
DA:657,0
DA:661,0
DA:664,0
DA:667,0
DA:670,0
DA:673,0
DA:676,0
DA:679,0
DA:682,0
DA:685,0
DA:688,0
DA:690,0
DA:692,0
DA:695,0
DA:698,0
DA:701,0
DA:704,0
DA:707,0
DA:710,0
LF:247
LH:0
end_of_record
SF:lib/models/app_config.dart
DA:40,1
DA:52,0
DA:53,0
DA:56,0
DA:59,0
DA:69,0
DA:70,0
DA:71,0
DA:72,0
DA:73,0
DA:74,0
DA:75,0
DA:76,0
DA:77,0
DA:88,0
DA:90,0
DA:92,0
DA:94,0
DA:100,0
DA:102,0
DA:103,0
DA:104,0
DA:105,0
DA:106,0
DA:107,0
LF:25
LH:1
end_of_record
SF:lib/models/app_config.g.dart
DA:9,0
DA:10,0
DA:11,0
DA:12,0
DA:13,0
DA:15,0
DA:16,0
DA:18,0
DA:20,0
DA:22,0
DA:23,0
DA:26,0
DA:27,0
DA:28,0
DA:29,0
DA:30,0
DA:31,0
DA:32,0
DA:33,0
DA:34,0
LF:20
LH:0
end_of_record
SF:lib/notifications/notification_helper.dart
DA:18,0
DA:21,0
DA:23,0
DA:38,0
DA:39,0
DA:49,0
DA:51,0
DA:55,0
DA:56,0
DA:59,0
DA:62,0
DA:63,0
DA:66,0
DA:69,0
DA:70,0
DA:72,0
DA:73,0
DA:75,0
DA:76,0
DA:77,0
DA:78,0
DA:82,0
DA:83,0
DA:84,0
DA:85,0
DA:86,0
DA:87,0
DA:88,0
DA:89,0
DA:91,0
DA:95,0
DA:96,0
DA:97,0
DA:100,0
DA:101,0
DA:102,0
DA:103,0
DA:104,0
DA:107,0
DA:112,0
DA:121,0
DA:122,0
DA:125,0
DA:134,0
DA:135,0
DA:136,0
DA:137,0
DA:140,0
DA:145,0
DA:146,0
DA:154,0
DA:170,0
DA:175,0
DA:176,0
DA:178,0
DA:179,0
DA:182,0
DA:183,0
DA:184,0
DA:185,0
DA:187,0
DA:193,0
DA:194,0
DA:195,0
DA:196,0
DA:198,0
DA:204,0
DA:205,0
DA:206,0
DA:208,0
DA:214,0
DA:221,0
DA:224,0
DA:225,0
DA:226,0
DA:227,0
DA:232,0
DA:233,0
DA:234,0
DA:236,0
DA:255,0
DA:256,0
DA:260,0
DA:261,0
DA:265,0
DA:266,0
DA:267,0
DA:269,0
DA:270,0
DA:272,0
DA:273,0
LF:91
LH:0
end_of_record
SF:lib/screens/settings_screen.dart
DA:15,0
DA:17,1
DA:18,1
DA:37,1
DA:39,1
DA:40,2
DA:41,3
DA:42,3
DA:43,1
DA:46,1
DA:47,2
DA:48,2
DA:49,1
DA:50,2
DA:51,1
DA:52,1
DA:57,1
DA:59,2
DA:60,2
DA:61,2
DA:62,1
DA:65,0
DA:66,0
DA:67,0
DA:69,0
DA:71,0
DA:72,0
DA:73,0
DA:76,0
DA:77,0
DA:78,0
DA:79,0
DA:83,0
DA:86,0
DA:87,0
DA:88,0
DA:89,0
DA:98,0
DA:99,0
DA:100,0
DA:101,0
DA:102,0
DA:103,0
DA:104,0
DA:105,0
DA:106,0
DA:107,0
DA:108,0
DA:110,0
DA:111,0
DA:112,0
DA:113,0
DA:121,0
DA:123,0
DA:124,0
DA:125,0
DA:126,0
DA:130,0
DA:131,0
DA:132,0
DA:133,0
DA:142,0
DA:143,0
DA:145,0
DA:146,0
DA:147,0
DA:148,0
DA:149,0
DA:155,0
DA:156,0
DA:157,0
DA:158,0
DA:166,0
DA:167,0
DA:169,0
DA:170,0
DA:172,0
DA:173,0
DA:174,0
DA:179,0
DA:180,0
DA:181,0
DA:188,0
DA:189,0
DA:190,0
DA:191,0
DA:199,1
DA:200,2
DA:202,2
DA:203,0
DA:204,0
DA:205,0
DA:206,0
DA:212,0
DA:213,0
DA:214,0
DA:215,0
DA:223,1
DA:224,2
DA:226,2
DA:227,0
DA:228,0
DA:229,0
DA:230,0
DA:236,1
DA:237,3
DA:238,1
DA:239,3
DA:247,1
DA:249,1
DA:250,2
DA:252,1
DA:253,1
DA:254,2
DA:255,3
DA:257,1
DA:258,1
DA:260,2
DA:261,1
DA:263,1
DA:264,0
DA:265,0
DA:266,0
DA:268,0
DA:269,0
DA:270,0
DA:271,0
DA:272,0
DA:276,1
DA:277,1
DA:278,1
DA:279,1
DA:280,1
DA:281,1
DA:282,1
DA:283,1
DA:284,1
DA:286,0
DA:287,0
DA:288,0
DA:293,1
DA:294,1
DA:295,1
DA:296,1
DA:299,0
DA:300,0
DA:306,1
DA:307,1
DA:308,1
DA:309,1
DA:310,1
DA:312,0
DA:313,0
DA:314,0
DA:316,0
DA:317,0
DA:323,1
DA:324,1
DA:325,2
DA:331,1
DA:332,0
DA:333,0
DA:334,0
DA:335,0
DA:336,0
DA:339,0
DA:341,0
DA:342,0
DA:347,1
DA:350,2
DA:351,1
DA:352,1
DA:354,2
DA:355,1
DA:356,2
DA:357,1
DA:361,0
DA:362,0
DA:363,0
DA:365,0
DA:366,0
DA:368,0
DA:369,0
DA:370,0
DA:372,0
DA:373,0
DA:382,0
DA:383,0
DA:384,0
DA:385,0
DA:387,0
DA:390,0
DA:391,0
DA:392,0
DA:393,0
DA:394,0
DA:397,0
DA:398,0
DA:399,0
DA:402,0
DA:403,0
DA:404,0
DA:405,0
DA:406,0
DA:412,1
DA:415,2
DA:416,1
DA:418,2
DA:419,1
DA:421,1
DA:423,2
DA:424,1
DA:427,1
DA:430,2
DA:431,1
DA:433,1
DA:434,1
DA:435,1
DA:436,1
DA:438,2
DA:439,1
DA:440,1
DA:441,1
DA:442,1
DA:443,1
DA:444,1
DA:445,1
DA:446,1
DA:447,1
DA:448,2
DA:449,0
DA:452,1
DA:453,0
DA:455,0
DA:461,1
DA:464,2
DA:465,1
DA:467,2
DA:468,0
DA:469,0
DA:470,0
DA:474,0
DA:476,0
DA:477,0
DA:478,0
DA:484,1
DA:487,2
DA:488,1
DA:489,2
DA:492,1
DA:493,2
DA:494,0
DA:495,0
DA:496,0
DA:497,0
DA:506,1
DA:507,1
DA:509,1
DA:511,1
DA:514,4
DA:520,0
DA:521,0
DA:522,0
DA:523,0
LF:264
LH:114
end_of_record
SF:lib/services/export_service.dart
DA:28,1
DA:30,2
DA:31,0
DA:34,0
DA:36,0
DA:41,0
LF:6
LH:2
end_of_record
SF:lib/services/import_service.dart
DA:32,1
DA:35,1
DA:37,0
DA:40,0
DA:41,0
DA:42,0
DA:44,0
DA:45,0
DA:47,0
DA:48,0
DA:53,3
LF:11
LH:3
end_of_record
SF:lib/services/google_drive_service.dart
DA:24,0
DA:25,0
DA:27,0
DA:29,0
DA:30,0
DA:31,0
DA:39,3
DA:40,2
DA:45,1
DA:46,1
DA:47,1
DA:53,1
DA:56,3
DA:57,0
DA:62,1
DA:63,2
DA:67,1
DA:70,2
DA:74,1
DA:75,1
DA:79,0
DA:82,0
DA:83,0
DA:86,1
DA:88,2
DA:91,3
DA:97,0
DA:99,0
DA:102,0
DA:108,0
DA:109,0
DA:112,0
DA:113,0
DA:116,0
DA:117,0
DA:118,0
DA:120,0
DA:124,0
DA:125,0
DA:126,0
DA:128,0
DA:133,0
DA:134,0
DA:136,0
DA:137,0
DA:138,0
DA:140,0
DA:141,0
DA:146,0
DA:147,0
DA:150,0
DA:156,0
DA:157,0
DA:163,0
DA:164,0
DA:165,0
DA:168,0
DA:170,0
DA:174,0
DA:175,0
DA:176,0
LF:61
LH:16
end_of_record
SF:lib/services/backup_service.dart
DA:45,0
DA:46,0
DA:48,0
DA:51,0
DA:52,0
DA:53,0
DA:56,0
DA:68,0
DA:69,0
DA:71,0
DA:74,0
DA:75,0
DA:79,0
DA:81,0
DA:96,0
DA:97,0
DA:100,0
DA:103,0
DA:106,0
DA:109,0
DA:110,0
DA:111,0
DA:112,0
DA:115,0
DA:116,0
DA:117,0
DA:118,0
LF:27
LH:0
end_of_record
SF:lib/services/config_service.dart
DA:17,2
DA:20,4
DA:23,2
DA:26,0
DA:32,0
DA:35,0
DA:36,0
DA:37,0
DA:40,0
DA:41,0
DA:44,0
DA:45,0
DA:47,0
DA:53,0
DA:54,0
DA:55,0
DA:58,0
DA:59,0
DA:60,0
DA:64,0
DA:70,0
DA:72,0
DA:73,0
DA:76,0
DA:80,0
DA:81,0
DA:82,0
DA:86,0
DA:87,0
DA:88,0
DA:92,0
DA:93,0
DA:94,0
DA:98,0
DA:101,0
DA:102,0
DA:103,0
LF:37
LH:3
end_of_record
SF:lib/services/sync_service.dart
DA:10,2
DA:11,4
DA:14,2
DA:17,0
DA:26,0
DA:27,0
DA:29,0
DA:30,0
DA:34,0
DA:35,0
DA:39,0
DA:42,0
DA:46,0
DA:49,0
DA:51,0
DA:52,0
DA:55,0
DA:56,0
DA:59,0
DA:61,0
DA:63,0
DA:68,0
DA:71,0
DA:73,0
DA:76,0
DA:77,0
DA:78,0
DA:83,0
DA:87,0
DA:90,0
DA:91,0
DA:95,0
DA:98,0
DA:105,0
DA:106,0
DA:107,0
DA:108,0
DA:109,0
DA:110,0
DA:111,0
DA:114,0
DA:124,0
DA:131,0
DA:136,0
DA:139,0
DA:140,0
DA:145,0
DA:148,0
DA:150,0
DA:152,0
DA:156,0
DA:161,0
DA:162,0
DA:167,0
DA:169,0
DA:174,0
DA:175,0
DA:177,0
DA:178,0
DA:181,0
DA:182,0
DA:187,0
DA:188,0
DA:192,0
DA:193,0
DA:198,0
DA:199,0
DA:200,0
DA:205,0
DA:210,0
DA:211,0
DA:212,0
DA:213,0
LF:73
LH:3
end_of_record
SF:lib/services/at_protocol_service.dart
DA:29,0
DA:32,0
DA:34,0
DA:52,0
DA:54,0
DA:55,0
DA:56,0
DA:59,0
DA:60,0
DA:61,0
DA:62,0
DA:65,0
DA:66,0
DA:67,0
DA:68,0
DA:71,0
DA:74,0
DA:85,0
DA:87,0
DA:88,0
DA:91,0
DA:92,0
DA:93,0
DA:94,0
DA:95,0
DA:99,0
DA:100,0
DA:105,0
DA:106,0
DA:107,0
DA:109,0
DA:110,0
DA:112,0
DA:114,0
DA:117,0
DA:118,0
DA:131,0
DA:133,0
DA:134,0
DA:137,0
DA:138,0
DA:140,0
DA:141,0
DA:142,0
DA:143,0
DA:146,0
DA:147,0
DA:149,0
DA:154,0
DA:155,0
DA:157,0
DA:160,0
DA:163,0
DA:174,0
DA:176,0
DA:177,0
DA:180,0
DA:181,0
DA:182,0
DA:183,0
DA:184,0
DA:187,0
DA:188,0
DA:194,0
DA:196,0
DA:201,0
DA:202,0
DA:204,0
DA:205,0
DA:206,0
DA:207,0
DA:208,0
DA:209,0
DA:210,0
DA:214,0
DA:215,0
DA:216,0
DA:217,0
DA:218,0
DA:219,0
DA:221,0
DA:222,0
DA:223,0
DA:224,0
DA:226,0
DA:230,0
DA:231,0
DA:238,0
DA:239,0
DA:242,0
DA:243,0
DA:244,0
DA:245,0
DA:246,0
DA:251,0
DA:252,0
DA:253,0
DA:254,0
DA:257,0
DA:262,0
LF:100
LH:0
end_of_record
SF:lib/screens/medication_form_screen.dart
DA:26,1
DA:28,1
DA:29,1
DA:50,1
DA:52,1
DA:53,2
DA:54,2
DA:56,2
DA:57,2
DA:59,2
DA:60,2
DA:62,2
DA:63,2
DA:65,3
DA:66,4
DA:67,3
DA:68,3
DA:69,3
DA:70,3
DA:73,1
DA:75,2
DA:76,2
DA:77,2
DA:78,2
DA:79,1
DA:82,0
DA:83,0
DA:85,0
DA:88,0
DA:89,0
DA:90,0
DA:91,0
DA:92,0
DA:93,0
DA:94,0
DA:100,0
DA:101,0
DA:102,0
DA:103,0
DA:105,0
DA:106,0
DA:108,0
DA:112,0
DA:119,0
DA:120,0
DA:125,0
DA:126,0
DA:127,0
DA:129,0
DA:130,0
DA:131,0
DA:132,0
DA:133,0
DA:139,0
DA:140,0
DA:141,0
DA:142,0
DA:143,0
DA:152,0
DA:153,0
DA:154,0
DA:155,0
DA:156,0
DA:157,0
DA:158,0
DA:159,0
DA:161,0
DA:162,0
DA:163,0
DA:164,0
DA:166,0
DA:169,0
DA:170,0
DA:171,0
DA:173,0
DA:177,0
DA:180,0
DA:182,0
DA:183,0
DA:185,0
DA:186,0
DA:187,0
DA:190,0
DA:194,0
DA:196,0
DA:201,0
DA:203,0
DA:207,0
DA:211,0
DA:212,0
DA:215,0
DA:219,0
DA:222,0
DA:223,0
DA:224,0
DA:225,0
DA:226,0
DA:227,0
DA:228,0
DA:229,0
DA:230,0
DA:233,0
DA:234,0
DA:235,0
DA:242,0
DA:243,0
DA:247,0
DA:248,0
DA:249,0
DA:250,0
DA:251,0
DA:261,1
DA:263,1
DA:265,1
DA:267,0
DA:269,0
DA:271,1
DA:272,1
DA:273,1
DA:274,2
DA:275,1
DA:276,0
DA:278,3
DA:280,1
DA:282,1
DA:283,1
DA:284,1
DA:285,1
DA:286,1
DA:288,1
DA:290,2
DA:291,1
DA:292,1
DA:293,1
DA:294,1
DA:303,1
DA:304,1
DA:305,1
DA:306,1
DA:307,1
DA:308,2
DA:309,0
DA:310,0
DA:311,0
DA:316,1
DA:317,1
DA:318,2
DA:319,0
DA:320,0
DA:321,0
DA:326,1
DA:327,1
DA:328,2
DA:330,0
DA:331,0
DA:332,0
DA:334,0
DA:335,0
DA:344,1
DA:345,1
DA:346,1
DA:347,1
DA:348,1
DA:349,1
DA:350,1
DA:351,1
DA:352,1
DA:353,1
DA:354,1
DA:356,0
DA:357,0
DA:359,0
DA:360,0
DA:361,0
DA:362,0
DA:363,0
DA:365,0
DA:366,0
DA:367,0
DA:369,0
DA:370,0
DA:371,0
DA:373,0
DA:374,0
DA:375,0
DA:377,0
DA:378,0
DA:379,0
DA:381,0
DA:382,0
DA:383,0
DA:393,1
DA:394,2
DA:395,2
DA:396,1
DA:397,0
DA:398,0
DA:399,0
DA:407,1
DA:408,1
DA:409,1
DA:410,1
DA:411,2
DA:412,1
DA:413,1
DA:414,0
DA:415,1
DA:417,1
DA:418,0
DA:419,0
DA:420,0
DA:425,1
DA:426,1
DA:428,0
DA:433,1
DA:434,1
DA:435,1
DA:436,2
DA:439,1
DA:440,1
DA:442,1
DA:443,1
DA:445,1
DA:446,1
DA:448,1
DA:449,1
DA:452,1
DA:454,1
DA:456,1
DA:457,0
DA:458,0
DA:459,0
DA:462,2
DA:466,0
DA:467,0
DA:468,0
DA:470,0
DA:472,0
DA:473,0
DA:474,0
DA:475,0
DA:478,0
DA:479,0
DA:480,0
DA:481,0
DA:482,0
DA:486,0
DA:487,0
DA:488,0
DA:489,0
DA:490,0
DA:491,0
DA:501,1
DA:505,1
DA:506,1
DA:507,1
DA:508,1
DA:509,1
DA:510,1
DA:511,0
DA:513,1
DA:515,1
DA:517,1
DA:518,0
DA:520,0
DA:521,0
DA:522,0
DA:523,0
DA:529,0
DA:531,1
DA:532,1
DA:533,1
DA:534,5
DA:537,0
DA:543,1
DA:544,1
DA:545,1
DA:546,1
DA:547,1
DA:548,0
DA:550,2
DA:553,3
DA:555,1
DA:556,1
DA:557,0
DA:559,2
DA:560,1
LF:287
LH:125
end_of_record
SF:lib/screens/medication_list_screen.dart
DA:18,1
DA:20,1
DA:21,1
DA:35,1
DA:40,1
DA:41,1
DA:42,1
DA:43,0
DA:44,1
DA:45,0
DA:46,1
DA:47,1
DA:51,1
DA:53,1
DA:54,1
DA:55,1
DA:56,1
DA:60,1
DA:62,1
DA:63,1
DA:64,2
DA:68,2
DA:69,1
DA:74,1
DA:76,2
DA:77,1
DA:80,1
DA:81,2
DA:82,3
DA:86,1
DA:87,2
DA:88,2
DA:89,1
DA:90,2
DA:92,0
DA:97,0
DA:98,0
DA:99,0
DA:100,0
DA:104,0
DA:105,0
DA:106,0
DA:107,0
DA:108,0
DA:109,0
DA:110,0
DA:117,0
DA:118,0
DA:119,0
DA:120,0
DA:123,0
DA:125,0
DA:126,0
DA:127,0
DA:128,0
DA:129,0
DA:136,0
DA:137,0
DA:138,0
DA:140,0
DA:141,0
DA:142,0
DA:143,0
DA:144,0
DA:149,0
DA:150,0
DA:151,0
DA:152,0
DA:153,0
DA:155,0
DA:156,0
DA:160,0
DA:161,0
DA:162,0
DA:164,0
DA:166,0
DA:167,0
DA:168,0
DA:173,0
DA:174,0
DA:175,0
DA:176,0
DA:177,0
DA:179,0
DA:181,0
DA:182,0
DA:183,0
DA:185,0
DA:186,0
DA:187,0
DA:192,0
DA:193,0
DA:194,0
DA:195,0
DA:202,0
DA:203,0
DA:204,0
DA:205,0
DA:207,0
DA:208,0
DA:209,0
DA:210,0
DA:211,0
DA:212,0
DA:213,0
DA:221,0
DA:222,0
DA:224,0
DA:225,0
DA:226,0
DA:229,0
DA:231,0
DA:232,0
DA:233,0
DA:234,0
DA:235,0
DA:241,0
DA:242,0
DA:243,0
DA:244,0
DA:246,0
DA:249,0
DA:250,0
DA:251,0
DA:252,0
DA:255,0
DA:259,0
DA:260,0
DA:261,0
DA:262,0
DA:263,0
DA:264,0
DA:265,0
DA:269,0
DA:270,0
DA:274,0
DA:275,0
DA:276,0
DA:277,0
DA:279,0
DA:282,0
DA:285,0
DA:286,0
DA:289,0
DA:290,0
DA:291,0
DA:292,0
DA:298,1
DA:300,1
DA:302,1
DA:303,1
DA:304,1
DA:305,1
DA:306,1
DA:307,2
DA:309,1
DA:310,0
DA:311,0
DA:313,3
DA:314,1
DA:316,2
DA:320,1
DA:324,1
DA:325,1
DA:326,1
DA:327,2
DA:328,3
DA:329,1
DA:331,1
DA:332,1
DA:333,1
DA:334,1
DA:337,0
DA:338,0
DA:339,0
DA:344,1
DA:345,1
DA:346,1
DA:347,1
DA:349,1
DA:350,1
DA:351,2
DA:352,2
DA:353,1
DA:354,1
DA:355,1
DA:361,1
DA:362,1
DA:363,1
DA:364,1
DA:366,1
DA:367,1
DA:368,2
DA:369,2
DA:370,1
DA:371,1
DA:372,1
DA:378,1
DA:380,0
DA:381,0
DA:383,0
DA:388,1
DA:389,1
DA:391,2
DA:394,1
DA:396,0
DA:397,0
DA:399,0
DA:400,0
DA:401,0
DA:409,1
DA:413,1
DA:414,1
DA:415,1
DA:416,1
DA:417,1
DA:418,1
DA:419,1
DA:420,2
DA:421,1
DA:422,0
DA:423,0
DA:426,2
DA:433,1
DA:434,1
DA:435,1
DA:437,1
DA:438,1
DA:441,1
DA:444,1
DA:445,1
DA:446,2
DA:449,1
DA:450,1
DA:451,2
DA:458,1
DA:463,1
DA:465,1
DA:467,4
DA:468,1
DA:471,1
DA:472,2
DA:473,1
DA:474,2
DA:475,1
DA:478,1
DA:479,0
DA:480,0
DA:481,0
DA:482,0
DA:485,1
DA:486,0
DA:487,0
DA:488,0
DA:489,0
DA:490,0
DA:495,4
DA:496,1
DA:498,1
DA:499,1
DA:500,1
DA:501,1
DA:502,1
DA:503,1
DA:504,1
DA:505,1
DA:506,1
DA:507,1
DA:508,2
DA:517,1
DA:518,1
DA:520,1
DA:521,1
DA:525,1
DA:526,1
DA:527,0
DA:528,0
DA:530,1
DA:531,1
DA:539,1
DA:540,1
DA:541,2
DA:542,1
DA:543,1
DA:546,1
DA:548,4
DA:549,1
DA:550,1
DA:553,1
DA:556,1
DA:557,1
DA:563,1
DA:564,1
DA:566,1
DA:567,1
DA:573,1
DA:578,1
DA:579,1
DA:582,1
DA:583,1
DA:584,3
DA:585,1
DA:586,1
DA:592,1
DA:593,1
DA:594,1
DA:595,1
DA:596,1
DA:600,1
DA:601,0
DA:603,0
DA:604,0
DA:605,0
DA:607,0
DA:608,0
DA:614,1
DA:616,1
DA:617,2
DA:618,2
DA:619,5
DA:620,2
DA:621,6
DA:623,1
DA:624,0
DA:626,0
DA:627,0
DA:630,0
DA:631,0
DA:637,1
DA:638,1
DA:642,1
DA:646,1
DA:647,0
DA:648,0
DA:650,0
DA:651,0
DA:652,0
DA:655,0
DA:656,0
DA:663,1
DA:669,1
DA:671,1
DA:672,1
DA:673,1
DA:676,1
DA:679,1
DA:680,4
DA:681,1
DA:683,1
DA:685,1
DA:695,1
DA:699,1
DA:701,1
DA:702,2
DA:703,2
DA:704,1
DA:705,2
DA:706,0
DA:708,1
DA:710,0
DA:712,1
DA:714,2
DA:720,1
DA:724,1
DA:725,1
DA:726,2
DA:727,2
DA:728,2
DA:729,1
DA:730,1
DA:731,3
DA:732,2
DA:734,1
DA:735,0
DA:736,2
DA:741,1
DA:742,0
DA:743,0
DA:747,1
DA:748,1
DA:750,1
DA:751,1
DA:754,1
DA:755,1
DA:756,1
DA:759,1
DA:762,1
DA:763,1
DA:766,1
DA:769,1
DA:770,1
DA:773,1
DA:777,1
DA:779,1
DA:780,1
DA:781,1
DA:782,1
DA:784,2
DA:793,1
DA:800,1
DA:801,1
DA:802,1
DA:804,1
DA:806,1
DA:807,1
DA:820,1
DA:829,1
DA:834,1
LF:408
LH:244
end_of_record
SF:lib/screens/add_stock_screen.dart
DA:19,0
DA:21,0
DA:22,0
DA:29,0
DA:31,0
DA:32,0
DA:35,0
DA:37,0
DA:38,0
DA:41,0
DA:42,0
DA:43,0
DA:44,0
DA:45,0
DA:47,0
DA:48,0
DA:49,0
DA:53,0
DA:55,0
DA:57,0
DA:58,0
DA:59,0
DA:61,0
DA:63,0
DA:64,0
DA:65,0
DA:66,0
DA:67,0
DA:68,0
DA:69,0
DA:71,0
DA:72,0
DA:73,0
DA:75,0
DA:76,0
DA:82,0
DA:83,0
DA:84,0
LF:38
LH:0
end_of_record
SF:lib/screens/adherence_screen.dart
DA:19,1
DA:21,0
DA:22,0
DA:37,0
DA:39,0
DA:40,0
DA:46,0
DA:47,0
DA:48,0
DA:49,0
DA:50,0
DA:51,0
DA:53,0
DA:63,0
DA:64,0
DA:65,0
DA:69,0
DA:70,0
DA:71,0
DA:72,0
DA:73,0
DA:75,0
DA:77,0
DA:83,0
DA:84,0
DA:85,0
DA:86,0
DA:88,0
DA:90,0
DA:94,0
DA:97,0
DA:99,0
DA:100,0
DA:101,0
DA:102,0
DA:103,0
DA:104,0
DA:105,0
DA:108,0
DA:109,0
DA:112,0
DA:113,0
DA:114,0
DA:115,0
DA:116,0
DA:117,0
DA:118,0
DA:119,0
DA:120,0
DA:121,0
DA:122,0
DA:123,0
DA:126,0
DA:127,0
DA:128,0
DA:129,0
DA:133,0
DA:134,0
DA:136,0
DA:137,0
DA:138,0
DA:139,0
DA:140,0
DA:141,0
DA:142,0
DA:144,0
DA:159,0
DA:161,0
DA:162,0
DA:163,0
DA:164,0
DA:165,0
DA:168,0
DA:170,0
DA:171,0
DA:172,0
DA:173,0
DA:175,0
DA:176,0
DA:177,0
DA:199,0
DA:200,0
DA:201,0
DA:203,0
DA:204,0
DA:205,0
DA:207,0
DA:208,0
DA:209,0
DA:210,0
DA:223,0
DA:224,0
DA:226,0
LF:93
LH:1
end_of_record
SF:lib/screens/medication_details_screen.dart
DA:20,0
DA:22,0
DA:24,0
DA:31,0
DA:33,0
DA:34,0
DA:37,0
DA:38,0
DA:39,0
DA:45,0
DA:49,0
DA:55,0
DA:57,0
DA:58,0
DA:59,0
DA:60,0
DA:61,0
DA:62,0
DA:69,0
DA:71,0
DA:73,0
DA:75,0
DA:77,0
DA:79,0
DA:80,0
DA:81,0
DA:83,0
DA:85,0
DA:86,0
DA:88,0
DA:89,0
DA:92,0
DA:93,0
DA:94,0
DA:95,0
DA:96,0
DA:97,0
DA:99,0
DA:100,0
DA:101,0
DA:104,0
DA:106,0
DA:107,0
DA:109,0
DA:110,0
DA:111,0
DA:116,0
LF:47
LH:0
end_of_record
SF:lib/widgets/frequency_selector.dart
DA:19,0
DA:25,0
DA:26,0
DA:35,0
DA:37,0
DA:38,0
DA:39,0
DA:40,0
DA:41,0
DA:44,0
DA:46,0
DA:47,0
DA:48,0
DA:50,0
DA:51,0
DA:52,0
DA:53,0
DA:56,0
DA:57,0
DA:58,0
DA:59,0
DA:62,0
DA:63,0
DA:66,0
DA:69,0
DA:71,0
DA:72,0
DA:74,0
DA:76,0
DA:78,0
DA:79,0
DA:80,0
DA:81,0
DA:82,0
DA:84,0
DA:85,0
DA:86,0
DA:91,0
DA:92,0
DA:93,0
DA:94,0
DA:96,0
DA:97,0
DA:98,0
DA:99,0
DA:101,0
DA:106,0
DA:107,0
DA:108,0
DA:109,0
DA:111,0
DA:112,0
DA:113,0
DA:118,0
DA:119,0
DA:120,0
DA:121,0
DA:123,0
DA:124,0
DA:125,0
DA:135,0
DA:136,0
DA:137,0
DA:141,0
DA:143,0
DA:144,0
DA:147,0
DA:148,0
DA:149,0
DA:151,0
DA:153,0
DA:155,0
DA:159,0
DA:162,0
DA:163,0
DA:164,0
DA:166,0
DA:168,0
DA:170,0
DA:174,0
DA:177,0
DA:178,0
DA:179,0
DA:181,0
DA:183,0
DA:185,0
DA:189,0
DA:192,0
DA:193,0
DA:194,0
DA:196,0
DA:198,0
DA:200,0
DA:204,0
DA:207,0
DA:208,0
DA:209,0
DA:211,0
DA:213,0
DA:215,0
DA:219,0
DA:222,0
DA:223,0
DA:224,0
DA:226,0
DA:228,0
DA:230,0
DA:234,0
DA:237,0
DA:238,0
DA:239,0
DA:241,0
DA:243,0
DA:245,0
DA:255,0
DA:256,0
DA:257,0
DA:258,0
DA:260,0
DA:262,0
DA:263,0
DA:265,0
DA:266,0
DA:267,0
DA:268,0
DA:270,0
DA:271,0
DA:273,0
DA:274,0
DA:275,0
DA:282,0
DA:289,0
DA:290,0
DA:291,0
DA:292,0
DA:294,0
DA:296,0
DA:297,0
DA:299,0
DA:300,0
DA:301,0
DA:303,0
DA:306,0
DA:307,0
DA:309,0
DA:310,0
DA:311,0
DA:331,0
DA:338,0
DA:340,0
DA:341,0
DA:342,0
DA:343,0
DA:344,0
LF:154
LH:0
end_of_record
SF:lib/widgets/today_medications_widget.dart
DA:29,1
DA:37,1
DA:39,1
DA:42,1
DA:43,3
DA:44,1
DA:47,1
DA:48,0
DA:49,0
DA:50,0
DA:54,3
DA:55,4
DA:57,1
DA:60,1
DA:62,1
DA:64,1
DA:65,1
DA:67,1
DA:68,1
DA:69,1
DA:70,1
DA:72,3
DA:75,1
DA:76,1
DA:77,2
DA:82,1
DA:83,0
DA:85,0
DA:86,0
DA:90,1
DA:93,1
DA:94,1
DA:95,1
DA:96,2
DA:97,2
DA:99,1
DA:101,1
DA:102,1
DA:103,0
DA:105,1
DA:106,1
DA:109,1
DA:114,1
DA:115,1
DA:116,1
DA:123,1
DA:124,1
DA:125,0
DA:126,1
DA:127,2
DA:128,1
DA:133,1
DA:135,0
LF:53
LH:44
end_of_record
